Building DAG of jobs...
Using shell: /bin/bash
Provided cores: 1
Rules claiming more threads will be scaled down.
Job counts:
	count	jobs
	713	Deseq2_inputs
	1	all_genotype
	714

[Mon Mar 11 16:37:23 2019]
rule Deseq2_inputs:
    input: /home/kgoldmann/Documents/PEAC_eqtl/Outputs/RNA_counts/groups/Genentech.txt, /home/kgoldmann/Documents/PEAC_eqtl/Outputs/gene_coord.txt, /home/kgoldmann/NAS/GCPEAC/Kevin/PEAC-eQTL/KevinAnalysis/ApocritaHPC/PEAC/imputed_vcf/PEAC_1000G_Phase3_Oct14_chr21.vcf.gz
    output: /home/kgoldmann/Documents/PEAC_eqtl/Outputs/deseq2/inputs/ENSG00000270116.rds
    jobid: 719
    wildcards: gene=ENSG00000270116

[Mon Mar 11 16:37:25 2019]
Finished job 719.
1 of 714 steps (0.14%) done

[Mon Mar 11 16:37:26 2019]
rule Deseq2_inputs:
    input: /home/kgoldmann/Documents/PEAC_eqtl/Outputs/RNA_counts/groups/Genentech.txt, /home/kgoldmann/Documents/PEAC_eqtl/Outputs/gene_coord.txt, /home/kgoldmann/NAS/GCPEAC/Kevin/PEAC-eQTL/KevinAnalysis/ApocritaHPC/PEAC/imputed_vcf/PEAC_1000G_Phase3_Oct14_chr21.vcf.gz
    output: /home/kgoldmann/Documents/PEAC_eqtl/Outputs/deseq2/inputs/ENSG00000231620.rds
    jobid: 478
    wildcards: gene=ENSG00000231620

[Mon Mar 11 16:37:28 2019]
Finished job 478.
2 of 714 steps (0.28%) done

[Mon Mar 11 16:37:28 2019]
rule Deseq2_inputs:
    input: /home/kgoldmann/Documents/PEAC_eqtl/Outputs/RNA_counts/groups/Genentech.txt, /home/kgoldmann/Documents/PEAC_eqtl/Outputs/gene_coord.txt, /home/kgoldmann/NAS/GCPEAC/Kevin/PEAC-eQTL/KevinAnalysis/ApocritaHPC/PEAC/imputed_vcf/PEAC_1000G_Phase3_Oct14_chr21.vcf.gz
    output: /home/kgoldmann/Documents/PEAC_eqtl/Outputs/deseq2/inputs/ENSG00000156284.rds
    jobid: 47
    wildcards: gene=ENSG00000156284

[Mon Mar 11 16:37:30 2019]
Finished job 47.
3 of 714 steps (0.42%) done

[Mon Mar 11 16:37:30 2019]
rule Deseq2_inputs:
    input: /home/kgoldmann/Documents/PEAC_eqtl/Outputs/RNA_counts/groups/Genentech.txt, /home/kgoldmann/Documents/PEAC_eqtl/Outputs/gene_coord.txt, /home/kgoldmann/NAS/GCPEAC/Kevin/PEAC-eQTL/KevinAnalysis/ApocritaHPC/PEAC/imputed_vcf/PEAC_1000G_Phase3_Oct14_chr21.vcf.gz
    output: /home/kgoldmann/Documents/PEAC_eqtl/Outputs/deseq2/inputs/ENSG00000186980.rds
    jobid: 195
    wildcards: gene=ENSG00000186980

[Mon Mar 11 16:37:33 2019]
Error in rule Deseq2_inputs:
    jobid: 195
    output: /home/kgoldmann/Documents/PEAC_eqtl/Outputs/deseq2/inputs/ENSG00000186980.rds

RuleException:
CalledProcessError in line 416 of /home/kgoldmann/Documents/Git/peac/Snakefile:
Command ' set -euo pipefail;  Rscript --vanilla /home/kgoldmann/Documents/Git/peac/.snakemake/scripts/tmpxqpnmfeg.deseq2.in.R ' returned non-zero exit status 1.
  File "/home/kgoldmann/Documents/Git/peac/Snakefile", line 416, in __rule_Deseq2_inputs
  File "/usr/lib/python3.6/concurrent/futures/thread.py", line 56, in run
Removing output files of failed job Deseq2_inputs since they might be corrupted:
/home/kgoldmann/Documents/PEAC_eqtl/Outputs/deseq2/inputs/ENSG00000186980.rds
Shutting down, this might take some time.
Exiting because a job execution failed. Look above for error message
Complete log: /home/kgoldmann/Documents/Git/peac/.snakemake/log/2019-03-11T163650.098190.snakemake.log
