Building DAG of jobs...
Using shell: /bin/bash
Provided cores: 1
Rules claiming more threads will be scaled down.
Job counts:
	count	jobs
	722	Deseq2_inputs
	1	all_genotype
	723

[Mon Mar 11 16:19:01 2019]
rule Deseq2_inputs:
    input: /home/kgoldmann/Documents/PEAC_eqtl/Outputs/RNA_counts/groups/Genentech.txt, /home/kgoldmann/Documents/PEAC_eqtl/Outputs/gene_coord.txt, /home/kgoldmann/NAS/GCPEAC/Kevin/PEAC-eQTL/KevinAnalysis/ApocritaHPC/PEAC/imputed_vcf/PEAC_1000G_Phase3_Oct14_chr21.vcf.gz
    output: /home/kgoldmann/Documents/PEAC_eqtl/Outputs/deseq2/inputs/ENSG00000229925.rds
    jobid: 447
    wildcards: gene=ENSG00000229925

[Mon Mar 11 16:19:03 2019]
Finished job 447.
1 of 723 steps (0.14%) done

[Mon Mar 11 16:19:03 2019]
rule Deseq2_inputs:
    input: /home/kgoldmann/Documents/PEAC_eqtl/Outputs/RNA_counts/groups/Genentech.txt, /home/kgoldmann/Documents/PEAC_eqtl/Outputs/gene_coord.txt, /home/kgoldmann/NAS/GCPEAC/Kevin/PEAC-eQTL/KevinAnalysis/ApocritaHPC/PEAC/imputed_vcf/PEAC_1000G_Phase3_Oct14_chr21.vcf.gz
    output: /home/kgoldmann/Documents/PEAC_eqtl/Outputs/deseq2/inputs/ENSG00000225745.rds
    jobid: 366
    wildcards: gene=ENSG00000225745

[Mon Mar 11 16:19:06 2019]
Error in rule Deseq2_inputs:
    jobid: 366
    output: /home/kgoldmann/Documents/PEAC_eqtl/Outputs/deseq2/inputs/ENSG00000225745.rds

RuleException:
CalledProcessError in line 416 of /home/kgoldmann/Documents/Git/peac/Snakefile:
Command ' set -euo pipefail;  Rscript --vanilla /home/kgoldmann/Documents/Git/peac/.snakemake/scripts/tmpalw49b_n.deseq2.in.R ' returned non-zero exit status 1.
  File "/home/kgoldmann/Documents/Git/peac/Snakefile", line 416, in __rule_Deseq2_inputs
  File "/usr/lib/python3.6/concurrent/futures/thread.py", line 56, in run
Removing output files of failed job Deseq2_inputs since they might be corrupted:
/home/kgoldmann/Documents/PEAC_eqtl/Outputs/deseq2/inputs/ENSG00000225745.rds
Shutting down, this might take some time.
Exiting because a job execution failed. Look above for error message
Complete log: /home/kgoldmann/Documents/Git/peac/.snakemake/log/2019-03-11T161828.097218.snakemake.log
