Building DAG of jobs...
Using shell: /bin/bash
Provided cores: 1
Rules claiming more threads will be scaled down.
Job counts:
	count	jobs
	2	HW_filter
	1	all_genotype
	2	vcf_pca
	5

[Thu Mar 14 16:54:05 2019]
rule vcf_pca:
    input: /home/kgoldmann/NAS/GCPEAC/Kevin/PEAC-eQTL/KevinAnalysis/ApocritaHPC/PEAC/imputed_vcf/PEAC_1000G_Phase3_Oct14_chr21.vcf.gz
    output: /home/kgoldmann/Documents/PEAC_eqtl/Outputs/DNA/PEAC_chr21_4PCA_all.vcf.gz, /home/kgoldmann/Documents/PEAC_eqtl/Outputs/DNA/PEAC_chr21_4PCA_all.vcf.gz.tbi
    jobid: 1
    wildcards: chrom=21

[Thu Mar 14 16:54:16 2019]
Finished job 1.
1 of 5 steps (20%) done

[Thu Mar 14 16:54:16 2019]
rule HW_filter:
    input: /home/kgoldmann/Documents/PEAC_eqtl/Outputs/DNA/HW_keep_chr21.txt, /home/kgoldmann/Documents/PEAC_eqtl/Outputs/DNA/PEAC_chr21_4PCA_all.vcf.gz, /home/kgoldmann/Documents/PEAC_eqtl/Outputs/DNA/PEAC_chr21_4PCA_all.vcf.gz.tbi
    output: /home/kgoldmann/Documents/PEAC_eqtl/Outputs/DNA/PEAC_chr21_4PCA.vcf.gz
    jobid: 3
    wildcards: chrom=21

[Thu Mar 14 16:54:16 2019]
Finished job 3.
2 of 5 steps (40%) done

[Thu Mar 14 16:54:17 2019]
rule vcf_pca:
    input: /home/kgoldmann/NAS/GCPEAC/Kevin/PEAC-eQTL/KevinAnalysis/ApocritaHPC/PEAC/imputed_vcf/PEAC_1000G_Phase3_Oct14_chr22.vcf.gz
    output: /home/kgoldmann/Documents/PEAC_eqtl/Outputs/DNA/PEAC_chr22_4PCA_all.vcf.gz, /home/kgoldmann/Documents/PEAC_eqtl/Outputs/DNA/PEAC_chr22_4PCA_all.vcf.gz.tbi
    jobid: 2
    wildcards: chrom=22

[Thu Mar 14 16:54:27 2019]
Finished job 2.
3 of 5 steps (60%) done

[Thu Mar 14 16:54:27 2019]
rule HW_filter:
    input: /home/kgoldmann/Documents/PEAC_eqtl/Outputs/DNA/HW_keep_chr22.txt, /home/kgoldmann/Documents/PEAC_eqtl/Outputs/DNA/PEAC_chr22_4PCA_all.vcf.gz, /home/kgoldmann/Documents/PEAC_eqtl/Outputs/DNA/PEAC_chr22_4PCA_all.vcf.gz.tbi
    output: /home/kgoldmann/Documents/PEAC_eqtl/Outputs/DNA/PEAC_chr22_4PCA.vcf.gz
    jobid: 4
    wildcards: chrom=22

[Thu Mar 14 16:54:27 2019]
Finished job 4.
4 of 5 steps (80%) done

[Thu Mar 14 16:54:27 2019]
localrule all_genotype:
    input: /home/kgoldmann/Documents/PEAC_eqtl/Outputs/DNA/PEAC_chr21_4PCA_all.vcf.gz, /home/kgoldmann/Documents/PEAC_eqtl/Outputs/DNA/PEAC_chr22_4PCA_all.vcf.gz, /home/kgoldmann/Documents/PEAC_eqtl/Outputs/DNA/PEAC_chr21_4PCA_all.vcf.gz.tbi, /home/kgoldmann/Documents/PEAC_eqtl/Outputs/DNA/PEAC_chr22_4PCA_all.vcf.gz.tbi, /home/kgoldmann/Documents/PEAC_eqtl/Outputs/DNA/PEAC_chr21_4PCA.vcf.gz, /home/kgoldmann/Documents/PEAC_eqtl/Outputs/DNA/PEAC_chr22_4PCA.vcf.gz
    jobid: 0

[Thu Mar 14 16:54:27 2019]
Finished job 0.
5 of 5 steps (100%) done
Complete log: /home/kgoldmann/Documents/Git/peac/.snakemake/log/2019-03-14T165405.397003.snakemake.log
