Building DAG of jobs...
Using shell: /bin/bash
Provided cores: 1
Rules claiming more threads will be scaled down.
Job counts:
	count	jobs
	735	Deseq2_inputs
	1	all_genotype
	736

[Mon Mar 11 15:24:50 2019]
rule Deseq2_inputs:
    input: /home/kgoldmann/Documents/PEAC_eqtl/Outputs/RNA_counts/groups/Genentech.txt, /home/kgoldmann/Documents/PEAC_eqtl/Outputs/gene_coord.txt, /home/kgoldmann/NAS/GCPEAC/Kevin/PEAC-eQTL/KevinAnalysis/ApocritaHPC/PEAC/imputed_vcf/PEAC_1000G_Phase3_Oct14_chr21.vcf.gz
    output: /home/kgoldmann/Documents/PEAC_eqtl/Outputs/deseq2/inputs/ENSG00000215454.rds
    jobid: 285
    wildcards: gene=ENSG00000215454

[Mon Mar 11 15:24:50 2019]
Error in rule Deseq2_inputs:
    jobid: 285
    output: /home/kgoldmann/Documents/PEAC_eqtl/Outputs/deseq2/inputs/ENSG00000215454.rds

RuleException:
WorkflowError in line 417 of /home/kgoldmann/Documents/Git/peac/Snakefile:
URLError: <urlopen error [Errno 2] No such file or directory: '/home/kgoldmann/Documents/Git/peac/RScripts/deseq2.in.R'>
  File "/home/kgoldmann/Documents/Git/peac/Snakefile", line 417, in __rule_Deseq2_inputs
  File "/usr/lib/python3.6/concurrent/futures/thread.py", line 56, in run
Shutting down, this might take some time.
Exiting because a job execution failed. Look above for error message
Complete log: /home/kgoldmann/Documents/Git/peac/.snakemake/log/2019-03-11T152417.699828.snakemake.log
