Building DAG of jobs...
File path /home/kgoldmann/NAS/GCPEAC/Kevin/PEAC-eQTL/KevinAnalysis/ApocritaHPC/PEAC/imputed_vcf//PEAC_1000G_Phase3_Oct14_chr22.vcf.gz contains double '/'. This is likely unintended. It can also lead to inconsistent results of the file-matching approach used by Snakemake.
Using shell: /bin/bash
Provided cores: 1
Rules claiming more threads will be scaled down.
Job counts:
	count	jobs
	1	RP_PCA
	1	vcf_gds
	1	vcf_pca
	3

[Wed Mar  6 11:03:38 2019]
rule vcf_pca:
    input: /home/kgoldmann/NAS/GCPEAC/Kevin/PEAC-eQTL/KevinAnalysis/ApocritaHPC/PEAC/imputed_vcf//PEAC_1000G_Phase3_Oct14_chr22.vcf.gz
    output: /home/kgoldmann/Documents/PEAC_eqtl/Outputs/DNA/PEAC_chr22_4PCA.vcf.gz, /home/kgoldmann/Documents/PEAC_eqtl/Outputs/DNA/PEAC_chr22_4PCA.vcf.gz.tbi
    jobid: 2

[Wed Mar  6 11:03:48 2019]
Finished job 2.
1 of 3 steps (33%) done

[Wed Mar  6 11:03:48 2019]
rule vcf_gds:
    input: /home/kgoldmann/Documents/PEAC_eqtl/Outputs/DNA/PEAC_chr22_4PCA.vcf.gz, /home/kgoldmann/Documents/PEAC_eqtl/Data/RP/ALL.chr22.integrated_phase1_v3.20101123.snps_indels_svs.genotypes.vcf.gz
    output: /home/kgoldmann/Documents/PEAC_eqtl/Outputs/DNA/PEAC_PCA.gds, /home/kgoldmann/Documents/PEAC_eqtl/Outputs/DNA/RP_PCA.gds
    jobid: 1

[Wed Mar  6 11:06:48 2019]
Finished job 1.
2 of 3 steps (67%) done

[Wed Mar  6 11:06:48 2019]
rule RP_PCA:
    input: /home/kgoldmann/Documents/PEAC_eqtl/Outputs/DNA/RP_PCA.gds
    output: /home/kgoldmann/Documents/PEAC_eqtl/Outputs/DNA/RP_pcs.rds, /home/kgoldmann/Documents/PEAC_eqtl/Outputs/DNA/RP_loads.rds
    jobid: 0

[Wed Mar  6 11:06:49 2019]
Finished job 0.
3 of 3 steps (100%) done
Complete log: /home/kgoldmann/Documents/Git/peac/.snakemake/log/2019-03-06T110338.031958.snakemake.log
