Building DAG of jobs...
MissingInputException in line 124 of /home/kgoldmann/Documents/Git/peac/Snakefile:
Missing input files for rule star:
"139"
"156"
"309"
"14"
"374"
"392"
"195"
"324"
"144"
"345"
"356"
"380"
"404"
"373"
"355"
"4"
"298"
"408"
"325"
"206"
"438"
"339"
"391"
"417"
"142"
"303"
"316"
"150"
"315"
"334"
"158"
"140"
"153"
"202"
"401"
"381"
"323"
"420"
"384"
"410"
"360"
"185"
"319"
"154"
"437"
"171"
"407"
"148"
"306"
"346"
"378"
"419"
"432"
"366"
"164"
"209"
"436"
"299"
"199"
"317"
"136"
"141"
"336"
"301"
"406"
"155"
"300"
"430"
"152"
"201"
"311"
"212"
"379"
"338"
"367"
"425"
"352"
"428"
"143"
"362"
"204"
"371"
"322"
"424"
"200"
"354"
"36"
"393"
"383"
"416"
"137"
"161"
"402"
"169"
"15"
"326"
"397"
"427"
"443"
"178"
"369"
"342"
"358"
"442"
"434"
"203"
"331"
"159"
"170"
"191"
"193"
"347"
"375"
"162"
"190"
"1"
"400"
"411"
"335"
"167"
"179"
"321"
"194"
"344"
"377"
"176"
"187"
"365"
"376"
"422"
"439"
"181"
"386"
"196"
"395"
"333"
"413"
"382"
"348"
"359"
"211"
"165"
"210"
"174"
"390"
"349"
"182"
"172"
"173"
"205"
"394"
"310"
"363"
"441"
"418"
"368"
"183"
"188"
"168"
"444"
"387"
"2"
"388"
"433"
"135"
"304"
"160"
"177"
"7"
"330"
"340"
"396"
"314"
"313"
"399"
"145"
"440"
"398"
"361"
"421"
"302"
"213"
"341"
"370"
"332"
"138"
"3"
"189"
"320"
"405"
"435"
"415"
"307"
"343"
"350"
"184"
"207"
"328"
"372"
"197"
"198"
"166"
"409"
"385"
"403"
"214"
"431"
"29"
"180"
"337"
"426"
"149"
"364"
"175"
"308"
"351"
"157"
"414"
"147"
"353"
"329"
"327"
"SampleID..QMUL.or.Genentech."
"146"
"389"
"423"
"208"
"429"
"186"
"357"
"312"
"16"
"151"
"305"
"318"
"163"
"192"
"412"
