Building DAG of jobs...
Using shell: /bin/bash
Provided cores: 1
Rules claiming more threads will be scaled down.
Job counts:
	count	jobs
	1	total_gene_counts
	1

[Tue Mar  5 12:31:20 2019]
rule total_gene_counts:
    input: /home/kgoldmann/Documents/PEAC_eqtl/Outputs/b37_ebg.rds, /home/kgoldmann/Documents/PEAC_eqtl/Outputs/STAR/2/SAM9103802/Aligned.sortedByCoord.out.bam, /home/kgoldmann/Documents/PEAC_eqtl/Outputs/STAR/2/SAM9103803/Aligned.sortedByCoord.out.bam, /home/kgoldmann/Documents/PEAC_eqtl/Outputs/STAR/2/SAM9103804/Aligned.sortedByCoord.out.bam, /home/kgoldmann/Documents/PEAC_eqtl/Outputs/STAR/2/SAM9103805/Aligned.sortedByCoord.out.bam, /home/kgoldmann/Documents/PEAC_eqtl/Outputs/STAR/2/SAM9103806/Aligned.sortedByCoord.out.bam, /home/kgoldmann/Documents/PEAC_eqtl/Outputs/STAR/2/SAM9103807/Aligned.sortedByCoord.out.bam, /home/kgoldmann/Documents/PEAC_eqtl/Outputs/STAR/2/SAM9103808/Aligned.sortedByCoord.out.bam, /home/kgoldmann/Documents/PEAC_eqtl/Outputs/STAR/2/SAM9103809/Aligned.sortedByCoord.out.bam, /home/kgoldmann/Documents/PEAC_eqtl/Outputs/STAR/2/SAM9103810/Aligned.sortedByCoord.out.bam, /home/kgoldmann/Documents/PEAC_eqtl/Outputs/STAR/2/SAM9103811/Aligned.sortedByCoord.out.bam, /home/kgoldmann/Documents/PEAC_eqtl/Outputs/STAR/2/SAM9103812/Aligned.sortedByCoord.out.bam, /home/kgoldmann/Documents/PEAC_eqtl/Outputs/STAR/2/SAM9103813/Aligned.sortedByCoord.out.bam, /home/kgoldmann/Documents/PEAC_eqtl/Outputs/STAR/2/SAM9103814/Aligned.sortedByCoord.out.bam, /home/kgoldmann/Documents/PEAC_eqtl/Outputs/STAR/2/SAM9103815/Aligned.sortedByCoord.out.bam, /home/kgoldmann/Documents/PEAC_eqtl/Outputs/STAR/2/SAM9103816/Aligned.sortedByCoord.out.bam, /home/kgoldmann/Documents/PEAC_eqtl/Outputs/STAR/2/SAM9103817/Aligned.sortedByCoord.out.bam, /home/kgoldmann/Documents/PEAC_eqtl/Outputs/STAR/2/SAM9103818/Aligned.sortedByCoord.out.bam, /home/kgoldmann/Documents/PEAC_eqtl/Outputs/STAR/2/SAM9103819/Aligned.sortedByCoord.out.bam, /home/kgoldmann/Documents/PEAC_eqtl/Outputs/STAR/2/SAM9103820/Aligned.sortedByCoord.out.bam, /home/kgoldmann/Documents/PEAC_eqtl/Outputs/STAR/2/SAM9103821/Aligned.sortedByCoord.out.bam, /home/kgoldmann/Documents/PEAC_eqtl/Outputs/STAR/2/SAM9103822/Aligned.sortedByCoord.out.bam, /home/kgoldmann/Documents/PEAC_eqtl/Outputs/STAR/2/SAM9103823/Aligned.sortedByCoord.out.bam, /home/kgoldmann/Documents/PEAC_eqtl/Outputs/STAR/2/SAM9103824/Aligned.sortedByCoord.out.bam, /home/kgoldmann/Documents/PEAC_eqtl/Outputs/STAR/2/SAM9103825/Aligned.sortedByCoord.out.bam, /home/kgoldmann/Documents/PEAC_eqtl/Outputs/STAR/2/SAM9103826/Aligned.sortedByCoord.out.bam, /home/kgoldmann/Documents/PEAC_eqtl/Outputs/STAR/2/SAM9103827/Aligned.sortedByCoord.out.bam, /home/kgoldmann/Documents/PEAC_eqtl/Outputs/STAR/2/SAM9103828/Aligned.sortedByCoord.out.bam, /home/kgoldmann/Documents/PEAC_eqtl/Outputs/STAR/2/SAM9103829/Aligned.sortedByCoord.out.bam, /home/kgoldmann/Documents/PEAC_eqtl/Outputs/STAR/2/SAM9103830/Aligned.sortedByCoord.out.bam, /home/kgoldmann/Documents/PEAC_eqtl/Outputs/STAR/2/SAM9103832/Aligned.sortedByCoord.out.bam, /home/kgoldmann/Documents/PEAC_eqtl/Outputs/STAR/2/SAM9103833/Aligned.sortedByCoord.out.bam, /home/kgoldmann/Documents/PEAC_eqtl/Outputs/STAR/2/SAM9103834/Aligned.sortedByCoord.out.bam, /home/kgoldmann/Documents/PEAC_eqtl/Outputs/STAR/2/SAM9103835/Aligned.sortedByCoord.out.bam, /home/kgoldmann/Documents/PEAC_eqtl/Outputs/STAR/2/SAM9103836/Aligned.sortedByCoord.out.bam, /home/kgoldmann/Documents/PEAC_eqtl/Outputs/STAR/2/SAM9103837/Aligned.sortedByCoord.out.bam, /home/kgoldmann/Documents/PEAC_eqtl/Outputs/STAR/2/SAM9103838/Aligned.sortedByCoord.out.bam, /home/kgoldmann/Documents/PEAC_eqtl/Outputs/STAR/2/SAM9103839/Aligned.sortedByCoord.out.bam
    jobid: 0

[Tue Mar  5 12:31:25 2019]
Error in rule total_gene_counts:
    jobid: 0

RuleException:
CalledProcessError in line 194 of /home/kgoldmann/Documents/Git/peac/Snakefile:
Command ' set -euo pipefail;  Rscript --vanilla /home/kgoldmann/Documents/Git/peac/.snakemake/scripts/tmpew2fy83d.total_gene_counts.R ' returned non-zero exit status 1.
  File "/home/kgoldmann/Documents/Git/peac/Snakefile", line 194, in __rule_total_gene_counts
  File "/usr/lib/python3.6/concurrent/futures/thread.py", line 56, in run
Shutting down, this might take some time.
Exiting because a job execution failed. Look above for error message
Complete log: /home/kgoldmann/Documents/Git/peac/.snakemake/log/2019-03-05T123120.110793.snakemake.log
