Building DAG of jobs...
Using shell: /bin/bash
Provided cores: 1
Rules claiming more threads will be scaled down.
Job counts:
	count	jobs
	22	HW_filter
	1	all_genotype
	23

[Sat Mar 23 17:48:51 2019]
rule HW_filter:
    input: /home/kgoldmann/Documents/PEAC_eqtl/Outputs/DNA/HW_keep_chr2.txt, /home/kgoldmann/Documents/PEAC_eqtl/Outputs/DNA/PEAC_chr2_4PCA_all.vcf.gz, /home/kgoldmann/Documents/PEAC_eqtl/Outputs/DNA/PEAC_chr2_4PCA_all.vcf.gz.tbi
    output: /home/kgoldmann/Documents/PEAC_eqtl/Outputs/DNA/PEAC_chr2_4PCA.vcf.gz, /home/kgoldmann/Documents/PEAC_eqtl/Outputs/DNA/PEAC_chr2_4PCA.vcf.gz.tbi
    jobid: 34
    wildcards: chrom=2

[Sat Mar 23 17:49:52 2019]
Finished job 34.
1 of 23 steps (4%) done

[Sat Mar 23 17:49:52 2019]
rule HW_filter:
    input: /home/kgoldmann/Documents/PEAC_eqtl/Outputs/DNA/HW_keep_chr1.txt, /home/kgoldmann/Documents/PEAC_eqtl/Outputs/DNA/PEAC_chr1_4PCA_all.vcf.gz, /home/kgoldmann/Documents/PEAC_eqtl/Outputs/DNA/PEAC_chr1_4PCA_all.vcf.gz.tbi
    output: /home/kgoldmann/Documents/PEAC_eqtl/Outputs/DNA/PEAC_chr1_4PCA.vcf.gz, /home/kgoldmann/Documents/PEAC_eqtl/Outputs/DNA/PEAC_chr1_4PCA.vcf.gz.tbi
    jobid: 23
    wildcards: chrom=1

[Sat Mar 23 17:50:48 2019]
Finished job 23.
2 of 23 steps (9%) done

[Sat Mar 23 17:50:48 2019]
rule HW_filter:
    input: /home/kgoldmann/Documents/PEAC_eqtl/Outputs/DNA/HW_keep_chr4.txt, /home/kgoldmann/Documents/PEAC_eqtl/Outputs/DNA/PEAC_chr4_4PCA_all.vcf.gz, /home/kgoldmann/Documents/PEAC_eqtl/Outputs/DNA/PEAC_chr4_4PCA_all.vcf.gz.tbi
    output: /home/kgoldmann/Documents/PEAC_eqtl/Outputs/DNA/PEAC_chr4_4PCA.vcf.gz, /home/kgoldmann/Documents/PEAC_eqtl/Outputs/DNA/PEAC_chr4_4PCA.vcf.gz.tbi
    jobid: 39
    wildcards: chrom=4

[Sat Mar 23 17:51:40 2019]
Finished job 39.
3 of 23 steps (13%) done

[Sat Mar 23 17:51:40 2019]
rule HW_filter:
    input: /home/kgoldmann/Documents/PEAC_eqtl/Outputs/DNA/HW_keep_chr3.txt, /home/kgoldmann/Documents/PEAC_eqtl/Outputs/DNA/PEAC_chr3_4PCA_all.vcf.gz, /home/kgoldmann/Documents/PEAC_eqtl/Outputs/DNA/PEAC_chr3_4PCA_all.vcf.gz.tbi
    output: /home/kgoldmann/Documents/PEAC_eqtl/Outputs/DNA/PEAC_chr3_4PCA.vcf.gz, /home/kgoldmann/Documents/PEAC_eqtl/Outputs/DNA/PEAC_chr3_4PCA.vcf.gz.tbi
    jobid: 38
    wildcards: chrom=3

[Sat Mar 23 17:52:31 2019]
Finished job 38.
4 of 23 steps (17%) done

[Sat Mar 23 17:52:31 2019]
rule HW_filter:
    input: /home/kgoldmann/Documents/PEAC_eqtl/Outputs/DNA/HW_keep_chr6.txt, /home/kgoldmann/Documents/PEAC_eqtl/Outputs/DNA/PEAC_chr6_4PCA_all.vcf.gz, /home/kgoldmann/Documents/PEAC_eqtl/Outputs/DNA/PEAC_chr6_4PCA_all.vcf.gz.tbi
    output: /home/kgoldmann/Documents/PEAC_eqtl/Outputs/DNA/PEAC_chr6_4PCA.vcf.gz, /home/kgoldmann/Documents/PEAC_eqtl/Outputs/DNA/PEAC_chr6_4PCA.vcf.gz.tbi
    jobid: 41
    wildcards: chrom=6

[Sat Mar 23 17:53:18 2019]
Finished job 41.
5 of 23 steps (22%) done

[Sat Mar 23 17:53:18 2019]
rule HW_filter:
    input: /home/kgoldmann/Documents/PEAC_eqtl/Outputs/DNA/HW_keep_chr5.txt, /home/kgoldmann/Documents/PEAC_eqtl/Outputs/DNA/PEAC_chr5_4PCA_all.vcf.gz, /home/kgoldmann/Documents/PEAC_eqtl/Outputs/DNA/PEAC_chr5_4PCA_all.vcf.gz.tbi
    output: /home/kgoldmann/Documents/PEAC_eqtl/Outputs/DNA/PEAC_chr5_4PCA.vcf.gz, /home/kgoldmann/Documents/PEAC_eqtl/Outputs/DNA/PEAC_chr5_4PCA.vcf.gz.tbi
    jobid: 40
    wildcards: chrom=5

[Sat Mar 23 17:54:04 2019]
Finished job 40.
6 of 23 steps (26%) done

[Sat Mar 23 17:54:04 2019]
rule HW_filter:
    input: /home/kgoldmann/Documents/PEAC_eqtl/Outputs/DNA/HW_keep_chr7.txt, /home/kgoldmann/Documents/PEAC_eqtl/Outputs/DNA/PEAC_chr7_4PCA_all.vcf.gz, /home/kgoldmann/Documents/PEAC_eqtl/Outputs/DNA/PEAC_chr7_4PCA_all.vcf.gz.tbi
    output: /home/kgoldmann/Documents/PEAC_eqtl/Outputs/DNA/PEAC_chr7_4PCA.vcf.gz, /home/kgoldmann/Documents/PEAC_eqtl/Outputs/DNA/PEAC_chr7_4PCA.vcf.gz.tbi
    jobid: 42
    wildcards: chrom=7

[Sat Mar 23 17:54:45 2019]
Finished job 42.
7 of 23 steps (30%) done

[Sat Mar 23 17:54:45 2019]
rule HW_filter:
    input: /home/kgoldmann/Documents/PEAC_eqtl/Outputs/DNA/HW_keep_chr8.txt, /home/kgoldmann/Documents/PEAC_eqtl/Outputs/DNA/PEAC_chr8_4PCA_all.vcf.gz, /home/kgoldmann/Documents/PEAC_eqtl/Outputs/DNA/PEAC_chr8_4PCA_all.vcf.gz.tbi
    output: /home/kgoldmann/Documents/PEAC_eqtl/Outputs/DNA/PEAC_chr8_4PCA.vcf.gz, /home/kgoldmann/Documents/PEAC_eqtl/Outputs/DNA/PEAC_chr8_4PCA.vcf.gz.tbi
    jobid: 43
    wildcards: chrom=8

[Sat Mar 23 17:55:26 2019]
Finished job 43.
8 of 23 steps (35%) done

[Sat Mar 23 17:55:26 2019]
rule HW_filter:
    input: /home/kgoldmann/Documents/PEAC_eqtl/Outputs/DNA/HW_keep_chr10.txt, /home/kgoldmann/Documents/PEAC_eqtl/Outputs/DNA/PEAC_chr10_4PCA_all.vcf.gz, /home/kgoldmann/Documents/PEAC_eqtl/Outputs/DNA/PEAC_chr10_4PCA_all.vcf.gz.tbi
    output: /home/kgoldmann/Documents/PEAC_eqtl/Outputs/DNA/PEAC_chr10_4PCA.vcf.gz, /home/kgoldmann/Documents/PEAC_eqtl/Outputs/DNA/PEAC_chr10_4PCA.vcf.gz.tbi
    jobid: 24
    wildcards: chrom=10

[Sat Mar 23 17:56:02 2019]
Finished job 24.
9 of 23 steps (39%) done

[Sat Mar 23 17:56:02 2019]
rule HW_filter:
    input: /home/kgoldmann/Documents/PEAC_eqtl/Outputs/DNA/HW_keep_chr11.txt, /home/kgoldmann/Documents/PEAC_eqtl/Outputs/DNA/PEAC_chr11_4PCA_all.vcf.gz, /home/kgoldmann/Documents/PEAC_eqtl/Outputs/DNA/PEAC_chr11_4PCA_all.vcf.gz.tbi
    output: /home/kgoldmann/Documents/PEAC_eqtl/Outputs/DNA/PEAC_chr11_4PCA.vcf.gz, /home/kgoldmann/Documents/PEAC_eqtl/Outputs/DNA/PEAC_chr11_4PCA.vcf.gz.tbi
    jobid: 25
    wildcards: chrom=11

[Sat Mar 23 17:56:38 2019]
Finished job 25.
10 of 23 steps (43%) done

[Sat Mar 23 17:56:38 2019]
rule HW_filter:
    input: /home/kgoldmann/Documents/PEAC_eqtl/Outputs/DNA/HW_keep_chr12.txt, /home/kgoldmann/Documents/PEAC_eqtl/Outputs/DNA/PEAC_chr12_4PCA_all.vcf.gz, /home/kgoldmann/Documents/PEAC_eqtl/Outputs/DNA/PEAC_chr12_4PCA_all.vcf.gz.tbi
    output: /home/kgoldmann/Documents/PEAC_eqtl/Outputs/DNA/PEAC_chr12_4PCA.vcf.gz, /home/kgoldmann/Documents/PEAC_eqtl/Outputs/DNA/PEAC_chr12_4PCA.vcf.gz.tbi
    jobid: 26
    wildcards: chrom=12

[Sat Mar 23 17:57:12 2019]
Finished job 26.
11 of 23 steps (48%) done

[Sat Mar 23 17:57:12 2019]
rule HW_filter:
    input: /home/kgoldmann/Documents/PEAC_eqtl/Outputs/DNA/HW_keep_chr9.txt, /home/kgoldmann/Documents/PEAC_eqtl/Outputs/DNA/PEAC_chr9_4PCA_all.vcf.gz, /home/kgoldmann/Documents/PEAC_eqtl/Outputs/DNA/PEAC_chr9_4PCA_all.vcf.gz.tbi
    output: /home/kgoldmann/Documents/PEAC_eqtl/Outputs/DNA/PEAC_chr9_4PCA.vcf.gz, /home/kgoldmann/Documents/PEAC_eqtl/Outputs/DNA/PEAC_chr9_4PCA.vcf.gz.tbi
    jobid: 44
    wildcards: chrom=9

[Sat Mar 23 17:57:42 2019]
Finished job 44.
12 of 23 steps (52%) done

[Sat Mar 23 17:57:42 2019]
rule HW_filter:
    input: /home/kgoldmann/Documents/PEAC_eqtl/Outputs/DNA/HW_keep_chr13.txt, /home/kgoldmann/Documents/PEAC_eqtl/Outputs/DNA/PEAC_chr13_4PCA_all.vcf.gz, /home/kgoldmann/Documents/PEAC_eqtl/Outputs/DNA/PEAC_chr13_4PCA_all.vcf.gz.tbi
    output: /home/kgoldmann/Documents/PEAC_eqtl/Outputs/DNA/PEAC_chr13_4PCA.vcf.gz, /home/kgoldmann/Documents/PEAC_eqtl/Outputs/DNA/PEAC_chr13_4PCA.vcf.gz.tbi
    jobid: 27
    wildcards: chrom=13

[Sat Mar 23 17:58:08 2019]
Finished job 27.
13 of 23 steps (57%) done

[Sat Mar 23 17:58:08 2019]
rule HW_filter:
    input: /home/kgoldmann/Documents/PEAC_eqtl/Outputs/DNA/HW_keep_chr14.txt, /home/kgoldmann/Documents/PEAC_eqtl/Outputs/DNA/PEAC_chr14_4PCA_all.vcf.gz, /home/kgoldmann/Documents/PEAC_eqtl/Outputs/DNA/PEAC_chr14_4PCA_all.vcf.gz.tbi
    output: /home/kgoldmann/Documents/PEAC_eqtl/Outputs/DNA/PEAC_chr14_4PCA.vcf.gz, /home/kgoldmann/Documents/PEAC_eqtl/Outputs/DNA/PEAC_chr14_4PCA.vcf.gz.tbi
    jobid: 28
    wildcards: chrom=14

[Sat Mar 23 17:58:32 2019]
Finished job 28.
14 of 23 steps (61%) done

[Sat Mar 23 17:58:32 2019]
rule HW_filter:
    input: /home/kgoldmann/Documents/PEAC_eqtl/Outputs/DNA/HW_keep_chr16.txt, /home/kgoldmann/Documents/PEAC_eqtl/Outputs/DNA/PEAC_chr16_4PCA_all.vcf.gz, /home/kgoldmann/Documents/PEAC_eqtl/Outputs/DNA/PEAC_chr16_4PCA_all.vcf.gz.tbi
    output: /home/kgoldmann/Documents/PEAC_eqtl/Outputs/DNA/PEAC_chr16_4PCA.vcf.gz, /home/kgoldmann/Documents/PEAC_eqtl/Outputs/DNA/PEAC_chr16_4PCA.vcf.gz.tbi
    jobid: 30
    wildcards: chrom=16

[Sat Mar 23 17:58:53 2019]
Finished job 30.
15 of 23 steps (65%) done

[Sat Mar 23 17:58:53 2019]
rule HW_filter:
    input: /home/kgoldmann/Documents/PEAC_eqtl/Outputs/DNA/HW_keep_chr15.txt, /home/kgoldmann/Documents/PEAC_eqtl/Outputs/DNA/PEAC_chr15_4PCA_all.vcf.gz, /home/kgoldmann/Documents/PEAC_eqtl/Outputs/DNA/PEAC_chr15_4PCA_all.vcf.gz.tbi
    output: /home/kgoldmann/Documents/PEAC_eqtl/Outputs/DNA/PEAC_chr15_4PCA.vcf.gz, /home/kgoldmann/Documents/PEAC_eqtl/Outputs/DNA/PEAC_chr15_4PCA.vcf.gz.tbi
    jobid: 29
    wildcards: chrom=15

[Sat Mar 23 17:59:14 2019]
Finished job 29.
16 of 23 steps (70%) done

[Sat Mar 23 17:59:14 2019]
rule HW_filter:
    input: /home/kgoldmann/Documents/PEAC_eqtl/Outputs/DNA/HW_keep_chr18.txt, /home/kgoldmann/Documents/PEAC_eqtl/Outputs/DNA/PEAC_chr18_4PCA_all.vcf.gz, /home/kgoldmann/Documents/PEAC_eqtl/Outputs/DNA/PEAC_chr18_4PCA_all.vcf.gz.tbi
    output: /home/kgoldmann/Documents/PEAC_eqtl/Outputs/DNA/PEAC_chr18_4PCA.vcf.gz, /home/kgoldmann/Documents/PEAC_eqtl/Outputs/DNA/PEAC_chr18_4PCA.vcf.gz.tbi
    jobid: 32
    wildcards: chrom=18

[Sat Mar 23 17:59:34 2019]
Finished job 32.
17 of 23 steps (74%) done

[Sat Mar 23 17:59:34 2019]
rule HW_filter:
    input: /home/kgoldmann/Documents/PEAC_eqtl/Outputs/DNA/HW_keep_chr17.txt, /home/kgoldmann/Documents/PEAC_eqtl/Outputs/DNA/PEAC_chr17_4PCA_all.vcf.gz, /home/kgoldmann/Documents/PEAC_eqtl/Outputs/DNA/PEAC_chr17_4PCA_all.vcf.gz.tbi
    output: /home/kgoldmann/Documents/PEAC_eqtl/Outputs/DNA/PEAC_chr17_4PCA.vcf.gz, /home/kgoldmann/Documents/PEAC_eqtl/Outputs/DNA/PEAC_chr17_4PCA.vcf.gz.tbi
    jobid: 31
    wildcards: chrom=17

[Sat Mar 23 17:59:53 2019]
Finished job 31.
18 of 23 steps (78%) done

[Sat Mar 23 17:59:53 2019]
rule HW_filter:
    input: /home/kgoldmann/Documents/PEAC_eqtl/Outputs/DNA/HW_keep_chr19.txt, /home/kgoldmann/Documents/PEAC_eqtl/Outputs/DNA/PEAC_chr19_4PCA_all.vcf.gz, /home/kgoldmann/Documents/PEAC_eqtl/Outputs/DNA/PEAC_chr19_4PCA_all.vcf.gz.tbi
    output: /home/kgoldmann/Documents/PEAC_eqtl/Outputs/DNA/PEAC_chr19_4PCA.vcf.gz, /home/kgoldmann/Documents/PEAC_eqtl/Outputs/DNA/PEAC_chr19_4PCA.vcf.gz.tbi
    jobid: 33
    wildcards: chrom=19

[Sat Mar 23 18:00:08 2019]
Finished job 33.
19 of 23 steps (83%) done

[Sat Mar 23 18:00:08 2019]
rule HW_filter:
    input: /home/kgoldmann/Documents/PEAC_eqtl/Outputs/DNA/HW_keep_chr20.txt, /home/kgoldmann/Documents/PEAC_eqtl/Outputs/DNA/PEAC_chr20_4PCA_all.vcf.gz, /home/kgoldmann/Documents/PEAC_eqtl/Outputs/DNA/PEAC_chr20_4PCA_all.vcf.gz.tbi
    output: /home/kgoldmann/Documents/PEAC_eqtl/Outputs/DNA/PEAC_chr20_4PCA.vcf.gz, /home/kgoldmann/Documents/PEAC_eqtl/Outputs/DNA/PEAC_chr20_4PCA.vcf.gz.tbi
    jobid: 35
    wildcards: chrom=20

[Sat Mar 23 18:00:24 2019]
Finished job 35.
20 of 23 steps (87%) done

[Sat Mar 23 18:00:24 2019]
rule HW_filter:
    input: /home/kgoldmann/Documents/PEAC_eqtl/Outputs/DNA/HW_keep_chr21.txt, /home/kgoldmann/Documents/PEAC_eqtl/Outputs/DNA/PEAC_chr21_4PCA_all.vcf.gz, /home/kgoldmann/Documents/PEAC_eqtl/Outputs/DNA/PEAC_chr21_4PCA_all.vcf.gz.tbi
    output: /home/kgoldmann/Documents/PEAC_eqtl/Outputs/DNA/PEAC_chr21_4PCA.vcf.gz, /home/kgoldmann/Documents/PEAC_eqtl/Outputs/DNA/PEAC_chr21_4PCA.vcf.gz.tbi
    jobid: 36
    wildcards: chrom=21

[Sat Mar 23 18:00:34 2019]
Finished job 36.
21 of 23 steps (91%) done

[Sat Mar 23 18:00:34 2019]
rule HW_filter:
    input: /home/kgoldmann/Documents/PEAC_eqtl/Outputs/DNA/HW_keep_chr22.txt, /home/kgoldmann/Documents/PEAC_eqtl/Outputs/DNA/PEAC_chr22_4PCA_all.vcf.gz, /home/kgoldmann/Documents/PEAC_eqtl/Outputs/DNA/PEAC_chr22_4PCA_all.vcf.gz.tbi
    output: /home/kgoldmann/Documents/PEAC_eqtl/Outputs/DNA/PEAC_chr22_4PCA.vcf.gz, /home/kgoldmann/Documents/PEAC_eqtl/Outputs/DNA/PEAC_chr22_4PCA.vcf.gz.tbi
    jobid: 37
    wildcards: chrom=22

[Sat Mar 23 18:00:43 2019]
Finished job 37.
22 of 23 steps (96%) done

[Sat Mar 23 18:00:43 2019]
localrule all_genotype:
    input: /home/kgoldmann/Documents/PEAC_eqtl/Outputs/DNA/PEAC_chr1_4PCA_all.vcf.gz, /home/kgoldmann/Documents/PEAC_eqtl/Outputs/DNA/PEAC_chr10_4PCA_all.vcf.gz, /home/kgoldmann/Documents/PEAC_eqtl/Outputs/DNA/PEAC_chr11_4PCA_all.vcf.gz, /home/kgoldmann/Documents/PEAC_eqtl/Outputs/DNA/PEAC_chr12_4PCA_all.vcf.gz, /home/kgoldmann/Documents/PEAC_eqtl/Outputs/DNA/PEAC_chr13_4PCA_all.vcf.gz, /home/kgoldmann/Documents/PEAC_eqtl/Outputs/DNA/PEAC_chr14_4PCA_all.vcf.gz, /home/kgoldmann/Documents/PEAC_eqtl/Outputs/DNA/PEAC_chr15_4PCA_all.vcf.gz, /home/kgoldmann/Documents/PEAC_eqtl/Outputs/DNA/PEAC_chr16_4PCA_all.vcf.gz, /home/kgoldmann/Documents/PEAC_eqtl/Outputs/DNA/PEAC_chr17_4PCA_all.vcf.gz, /home/kgoldmann/Documents/PEAC_eqtl/Outputs/DNA/PEAC_chr18_4PCA_all.vcf.gz, /home/kgoldmann/Documents/PEAC_eqtl/Outputs/DNA/PEAC_chr19_4PCA_all.vcf.gz, /home/kgoldmann/Documents/PEAC_eqtl/Outputs/DNA/PEAC_chr2_4PCA_all.vcf.gz, /home/kgoldmann/Documents/PEAC_eqtl/Outputs/DNA/PEAC_chr20_4PCA_all.vcf.gz, /home/kgoldmann/Documents/PEAC_eqtl/Outputs/DNA/PEAC_chr21_4PCA_all.vcf.gz, /home/kgoldmann/Documents/PEAC_eqtl/Outputs/DNA/PEAC_chr22_4PCA_all.vcf.gz, /home/kgoldmann/Documents/PEAC_eqtl/Outputs/DNA/PEAC_chr3_4PCA_all.vcf.gz, /home/kgoldmann/Documents/PEAC_eqtl/Outputs/DNA/PEAC_chr4_4PCA_all.vcf.gz, /home/kgoldmann/Documents/PEAC_eqtl/Outputs/DNA/PEAC_chr5_4PCA_all.vcf.gz, /home/kgoldmann/Documents/PEAC_eqtl/Outputs/DNA/PEAC_chr6_4PCA_all.vcf.gz, /home/kgoldmann/Documents/PEAC_eqtl/Outputs/DNA/PEAC_chr7_4PCA_all.vcf.gz, /home/kgoldmann/Documents/PEAC_eqtl/Outputs/DNA/PEAC_chr8_4PCA_all.vcf.gz, /home/kgoldmann/Documents/PEAC_eqtl/Outputs/DNA/PEAC_chr9_4PCA_all.vcf.gz, /home/kgoldmann/Documents/PEAC_eqtl/Outputs/DNA/PEAC_chr1_4PCA_all.vcf.gz.tbi, /home/kgoldmann/Documents/PEAC_eqtl/Outputs/DNA/PEAC_chr10_4PCA_all.vcf.gz.tbi, /home/kgoldmann/Documents/PEAC_eqtl/Outputs/DNA/PEAC_chr11_4PCA_all.vcf.gz.tbi, /home/kgoldmann/Documents/PEAC_eqtl/Outputs/DNA/PEAC_chr12_4PCA_all.vcf.gz.tbi, /home/kgoldmann/Documents/PEAC_eqtl/Outputs/DNA/PEAC_chr13_4PCA_all.vcf.gz.tbi, /home/kgoldmann/Documents/PEAC_eqtl/Outputs/DNA/PEAC_chr14_4PCA_all.vcf.gz.tbi, /home/kgoldmann/Documents/PEAC_eqtl/Outputs/DNA/PEAC_chr15_4PCA_all.vcf.gz.tbi, /home/kgoldmann/Documents/PEAC_eqtl/Outputs/DNA/PEAC_chr16_4PCA_all.vcf.gz.tbi, /home/kgoldmann/Documents/PEAC_eqtl/Outputs/DNA/PEAC_chr17_4PCA_all.vcf.gz.tbi, /home/kgoldmann/Documents/PEAC_eqtl/Outputs/DNA/PEAC_chr18_4PCA_all.vcf.gz.tbi, /home/kgoldmann/Documents/PEAC_eqtl/Outputs/DNA/PEAC_chr19_4PCA_all.vcf.gz.tbi, /home/kgoldmann/Documents/PEAC_eqtl/Outputs/DNA/PEAC_chr2_4PCA_all.vcf.gz.tbi, /home/kgoldmann/Documents/PEAC_eqtl/Outputs/DNA/PEAC_chr20_4PCA_all.vcf.gz.tbi, /home/kgoldmann/Documents/PEAC_eqtl/Outputs/DNA/PEAC_chr21_4PCA_all.vcf.gz.tbi, /home/kgoldmann/Documents/PEAC_eqtl/Outputs/DNA/PEAC_chr22_4PCA_all.vcf.gz.tbi, /home/kgoldmann/Documents/PEAC_eqtl/Outputs/DNA/PEAC_chr3_4PCA_all.vcf.gz.tbi, /home/kgoldmann/Documents/PEAC_eqtl/Outputs/DNA/PEAC_chr4_4PCA_all.vcf.gz.tbi, /home/kgoldmann/Documents/PEAC_eqtl/Outputs/DNA/PEAC_chr5_4PCA_all.vcf.gz.tbi, /home/kgoldmann/Documents/PEAC_eqtl/Outputs/DNA/PEAC_chr6_4PCA_all.vcf.gz.tbi, /home/kgoldmann/Documents/PEAC_eqtl/Outputs/DNA/PEAC_chr7_4PCA_all.vcf.gz.tbi, /home/kgoldmann/Documents/PEAC_eqtl/Outputs/DNA/PEAC_chr8_4PCA_all.vcf.gz.tbi, /home/kgoldmann/Documents/PEAC_eqtl/Outputs/DNA/PEAC_chr9_4PCA_all.vcf.gz.tbi, /home/kgoldmann/Documents/PEAC_eqtl/Outputs/DNA/PEAC_chr1_4PCA.vcf.gz, /home/kgoldmann/Documents/PEAC_eqtl/Outputs/DNA/PEAC_chr10_4PCA.vcf.gz, /home/kgoldmann/Documents/PEAC_eqtl/Outputs/DNA/PEAC_chr11_4PCA.vcf.gz, /home/kgoldmann/Documents/PEAC_eqtl/Outputs/DNA/PEAC_chr12_4PCA.vcf.gz, /home/kgoldmann/Documents/PEAC_eqtl/Outputs/DNA/PEAC_chr13_4PCA.vcf.gz, /home/kgoldmann/Documents/PEAC_eqtl/Outputs/DNA/PEAC_chr14_4PCA.vcf.gz, /home/kgoldmann/Documents/PEAC_eqtl/Outputs/DNA/PEAC_chr15_4PCA.vcf.gz, /home/kgoldmann/Documents/PEAC_eqtl/Outputs/DNA/PEAC_chr16_4PCA.vcf.gz, /home/kgoldmann/Documents/PEAC_eqtl/Outputs/DNA/PEAC_chr17_4PCA.vcf.gz, /home/kgoldmann/Documents/PEAC_eqtl/Outputs/DNA/PEAC_chr18_4PCA.vcf.gz, /home/kgoldmann/Documents/PEAC_eqtl/Outputs/DNA/PEAC_chr19_4PCA.vcf.gz, /home/kgoldmann/Documents/PEAC_eqtl/Outputs/DNA/PEAC_chr2_4PCA.vcf.gz, /home/kgoldmann/Documents/PEAC_eqtl/Outputs/DNA/PEAC_chr20_4PCA.vcf.gz, /home/kgoldmann/Documents/PEAC_eqtl/Outputs/DNA/PEAC_chr21_4PCA.vcf.gz, /home/kgoldmann/Documents/PEAC_eqtl/Outputs/DNA/PEAC_chr22_4PCA.vcf.gz, /home/kgoldmann/Documents/PEAC_eqtl/Outputs/DNA/PEAC_chr3_4PCA.vcf.gz, /home/kgoldmann/Documents/PEAC_eqtl/Outputs/DNA/PEAC_chr4_4PCA.vcf.gz, /home/kgoldmann/Documents/PEAC_eqtl/Outputs/DNA/PEAC_chr5_4PCA.vcf.gz, /home/kgoldmann/Documents/PEAC_eqtl/Outputs/DNA/PEAC_chr6_4PCA.vcf.gz, /home/kgoldmann/Documents/PEAC_eqtl/Outputs/DNA/PEAC_chr7_4PCA.vcf.gz, /home/kgoldmann/Documents/PEAC_eqtl/Outputs/DNA/PEAC_chr8_4PCA.vcf.gz, /home/kgoldmann/Documents/PEAC_eqtl/Outputs/DNA/PEAC_chr9_4PCA.vcf.gz, /home/kgoldmann/Documents/PEAC_eqtl/Outputs/DNA/PEAC_chr1_4PCA.vcf.gz.tbi, /home/kgoldmann/Documents/PEAC_eqtl/Outputs/DNA/PEAC_chr10_4PCA.vcf.gz.tbi, /home/kgoldmann/Documents/PEAC_eqtl/Outputs/DNA/PEAC_chr11_4PCA.vcf.gz.tbi, /home/kgoldmann/Documents/PEAC_eqtl/Outputs/DNA/PEAC_chr12_4PCA.vcf.gz.tbi, /home/kgoldmann/Documents/PEAC_eqtl/Outputs/DNA/PEAC_chr13_4PCA.vcf.gz.tbi, /home/kgoldmann/Documents/PEAC_eqtl/Outputs/DNA/PEAC_chr14_4PCA.vcf.gz.tbi, /home/kgoldmann/Documents/PEAC_eqtl/Outputs/DNA/PEAC_chr15_4PCA.vcf.gz.tbi, /home/kgoldmann/Documents/PEAC_eqtl/Outputs/DNA/PEAC_chr16_4PCA.vcf.gz.tbi, /home/kgoldmann/Documents/PEAC_eqtl/Outputs/DNA/PEAC_chr17_4PCA.vcf.gz.tbi, /home/kgoldmann/Documents/PEAC_eqtl/Outputs/DNA/PEAC_chr18_4PCA.vcf.gz.tbi, /home/kgoldmann/Documents/PEAC_eqtl/Outputs/DNA/PEAC_chr19_4PCA.vcf.gz.tbi, /home/kgoldmann/Documents/PEAC_eqtl/Outputs/DNA/PEAC_chr2_4PCA.vcf.gz.tbi, /home/kgoldmann/Documents/PEAC_eqtl/Outputs/DNA/PEAC_chr20_4PCA.vcf.gz.tbi, /home/kgoldmann/Documents/PEAC_eqtl/Outputs/DNA/PEAC_chr21_4PCA.vcf.gz.tbi, /home/kgoldmann/Documents/PEAC_eqtl/Outputs/DNA/PEAC_chr22_4PCA.vcf.gz.tbi, /home/kgoldmann/Documents/PEAC_eqtl/Outputs/DNA/PEAC_chr3_4PCA.vcf.gz.tbi, /home/kgoldmann/Documents/PEAC_eqtl/Outputs/DNA/PEAC_chr4_4PCA.vcf.gz.tbi, /home/kgoldmann/Documents/PEAC_eqtl/Outputs/DNA/PEAC_chr5_4PCA.vcf.gz.tbi, /home/kgoldmann/Documents/PEAC_eqtl/Outputs/DNA/PEAC_chr6_4PCA.vcf.gz.tbi, /home/kgoldmann/Documents/PEAC_eqtl/Outputs/DNA/PEAC_chr7_4PCA.vcf.gz.tbi, /home/kgoldmann/Documents/PEAC_eqtl/Outputs/DNA/PEAC_chr8_4PCA.vcf.gz.tbi, /home/kgoldmann/Documents/PEAC_eqtl/Outputs/DNA/PEAC_chr9_4PCA.vcf.gz.tbi
    jobid: 0

[Sat Mar 23 18:00:43 2019]
Finished job 0.
23 of 23 steps (100%) done
Complete log: /home/kgoldmann/Documents/Git/peac/.snakemake/log/2019-03-23T174850.683393.snakemake.log
