Building DAG of jobs...
Using shell: /bin/bash
Provided cores: 1
Rules claiming more threads will be scaled down.
Job counts:
	count	jobs
	1	all
	1	vcf_pca
	2

[Mon Mar 11 11:38:07 2019]
rule vcf_pca:
    input: /home/kgoldmann/NAS/GCPEAC/Kevin/PEAC-eQTL/KevinAnalysis/ApocritaHPC/PEAC/imputed_vcf/PEAC_1000G_Phase3_Oct14_chr21.vcf.gz, /home/kgoldmann/NAS/GCPEAC/Kevin/PEAC-eQTL/KevinAnalysis/ApocritaHPC/PEAC/imputed_vcf/PEAC_1000G_Phase3_Oct14_chr22.vcf.gz
    output: /home/kgoldmann/Documents/PEAC_eqtl/Outputs/DNA/PEAC_chr21_4PCA.vcf.gz, /home/kgoldmann/Documents/PEAC_eqtl/Outputs/DNA/PEAC_chr22_4PCA.vcf.gz, /home/kgoldmann/Documents/PEAC_eqtl/Outputs/DNA/PEAC_chr21_4PCA.vcf.gz.tbi, /home/kgoldmann/Documents/PEAC_eqtl/Outputs/DNA/PEAC_chr22_4PCA.vcf.gz.tbi
    jobid: 1

Waiting at most 5 seconds for missing files.
MissingOutputException in line 215 of /home/kgoldmann/Documents/Git/peac/Snakefile:
Missing files after 5 seconds:
/home/kgoldmann/Documents/PEAC_eqtl/Outputs/DNA/PEAC_chr22_4PCA.vcf.gz
/home/kgoldmann/Documents/PEAC_eqtl/Outputs/DNA/PEAC_chr22_4PCA.vcf.gz.tbi
This might be due to filesystem latency. If that is the case, consider to increase the wait time with --latency-wait.
Removing output files of failed job vcf_pca since they might be corrupted:
/home/kgoldmann/Documents/PEAC_eqtl/Outputs/DNA/PEAC_chr21_4PCA.vcf.gz, /home/kgoldmann/Documents/PEAC_eqtl/Outputs/DNA/PEAC_chr21_4PCA.vcf.gz.tbi
Shutting down, this might take some time.
Exiting because a job execution failed. Look above for error message
Complete log: /home/kgoldmann/Documents/Git/peac/.snakemake/log/2019-03-11T113806.937511.snakemake.log
