Building DAG of jobs...
Using shell: /bin/bash
Provided cores: 1
Rules claiming more threads will be scaled down.
Job counts:
	count	jobs
	1	all_genotype
	2	intersect_RP_PEAC
	3

[Thu Mar 14 14:36:36 2019]
rule intersect_RP_PEAC:
    input: /home/kgoldmann/Documents/PEAC_eqtl/Outputs/DNA/RP_chr21_alt_added.bcf, /home/kgoldmann/Documents/PEAC_eqtl/Outputs/DNA/PEAC_chr21_4PCA.vcf.gz, /home/kgoldmann/Documents/PEAC_eqtl/Outputs/DNA/RP_chr21_alt_added.bcf.csi, /home/kgoldmann/Documents/PEAC_eqtl/Outputs/DNA/PEAC_chr21_4PCA.vcf.gz.tbi
    output: /home/kgoldmann/Documents/PEAC_eqtl/Outputs/DNA/RP_chr21_sub.vcf.gz, /home/kgoldmann/Documents/PEAC_eqtl/Outputs/DNA/RP_chr21_sub.vcf.gz.tbi
    jobid: 5
    wildcards: chrom=21

[Thu Mar 14 14:37:08 2019]
Finished job 5.
1 of 3 steps (33%) done

[Thu Mar 14 14:37:08 2019]
rule intersect_RP_PEAC:
    input: /home/kgoldmann/Documents/PEAC_eqtl/Outputs/DNA/RP_chr22_alt_added.bcf, /home/kgoldmann/Documents/PEAC_eqtl/Outputs/DNA/PEAC_chr22_4PCA.vcf.gz, /home/kgoldmann/Documents/PEAC_eqtl/Outputs/DNA/RP_chr22_alt_added.bcf.csi, /home/kgoldmann/Documents/PEAC_eqtl/Outputs/DNA/PEAC_chr22_4PCA.vcf.gz.tbi
    output: /home/kgoldmann/Documents/PEAC_eqtl/Outputs/DNA/RP_chr22_sub.vcf.gz, /home/kgoldmann/Documents/PEAC_eqtl/Outputs/DNA/RP_chr22_sub.vcf.gz.tbi
    jobid: 6
    wildcards: chrom=22

[Thu Mar 14 14:37:40 2019]
Finished job 6.
2 of 3 steps (67%) done

[Thu Mar 14 14:37:40 2019]
localrule all_genotype:
    input: /home/kgoldmann/Documents/PEAC_eqtl/Outputs/DNA/PEAC_chr21_4PCA.vcf.gz, /home/kgoldmann/Documents/PEAC_eqtl/Outputs/DNA/PEAC_chr22_4PCA.vcf.gz, /home/kgoldmann/Documents/PEAC_eqtl/Outputs/DNA/PEAC_chr21_4PCA.vcf.gz.tbi, /home/kgoldmann/Documents/PEAC_eqtl/Outputs/DNA/PEAC_chr22_4PCA.vcf.gz.tbi, /home/kgoldmann/Documents/PEAC_eqtl/Outputs/DNA/RP_chr21_alt_added.bcf, /home/kgoldmann/Documents/PEAC_eqtl/Outputs/DNA/RP_chr22_alt_added.bcf, /home/kgoldmann/Documents/PEAC_eqtl/Outputs/DNA/RP_chr21_alt_added.bcf.csi, /home/kgoldmann/Documents/PEAC_eqtl/Outputs/DNA/RP_chr22_alt_added.bcf.csi, /home/kgoldmann/Documents/PEAC_eqtl/Outputs/DNA/RP_chr21_sub.vcf.gz, /home/kgoldmann/Documents/PEAC_eqtl/Outputs/DNA/RP_chr22_sub.vcf.gz, /home/kgoldmann/Documents/PEAC_eqtl/Outputs/DNA/RP_chr21_sub.vcf.gz.tbi, /home/kgoldmann/Documents/PEAC_eqtl/Outputs/DNA/RP_chr22_sub.vcf.gz.tbi
    jobid: 0

[Thu Mar 14 14:37:40 2019]
Finished job 0.
3 of 3 steps (100%) done
Complete log: /home/kgoldmann/Documents/Git/peac/.snakemake/log/2019-03-14T143636.071094.snakemake.log
