Building DAG of jobs...
Using shell: /bin/bash
Provided cores: 1
Rules claiming more threads will be scaled down.
Job counts:
	count	jobs
	5	Deseq2_inputs
	1	all_genotype
	6

[Mon Mar 11 14:23:59 2019]
rule Deseq2_inputs:
    input: /home/kgoldmann/Documents/PEAC_eqtl/Outputs/RNA_counts/groups/Genentech.txt, /home/kgoldmann/Documents/PEAC_eqtl/Outputs/gene_coord.txt, /home/kgoldmann/NAS/GCPEAC/Kevin/PEAC-eQTL/KevinAnalysis/ApocritaHPC/PEAC/imputed_vcf/PEAC_1000G_Phase3_Oct14_chr21.vcf.gz, /home/kgoldmann/NAS/GCPEAC/Kevin/PEAC-eQTL/KevinAnalysis/ApocritaHPC/PEAC/imputed_vcf/PEAC_1000G_Phase3_Oct14_chr22.vcf.gz
    output: /home/kgoldmann/Documents/PEAC_eqtl/Outputs/deseq2/inputs/ENSG00000008735.rds
    jobid: 11
    wildcards: gene=ENSG00000008735

Waiting at most 5 seconds for missing files.
MissingOutputException in line 393 of /home/kgoldmann/Documents/Git/peac/Snakefile:
Missing files after 5 seconds:
/home/kgoldmann/Documents/PEAC_eqtl/Outputs/deseq2/inputs/ENSG00000008735.rds
This might be due to filesystem latency. If that is the case, consider to increase the wait time with --latency-wait.
Shutting down, this might take some time.
Exiting because a job execution failed. Look above for error message
Complete log: /home/kgoldmann/Documents/Git/peac/.snakemake/log/2019-03-11T142359.145871.snakemake.log
