Building DAG of jobs...
File path /home/kgoldmann/NAS/GCPEAC/Kevin/PEAC-eQTL/KevinAnalysis/ApocritaHPC/PEAC/imputed_vcf//PEAC_1000G_Phase3_Oct14_chr22.vcf.gz contains double '/'. This is likely unintended. It can also lead to inconsistent results of the file-matching approach used by Snakemake.
Using shell: /bin/bash
Provided cores: 1
Rules claiming more threads will be scaled down.
Job counts:
	count	jobs
	1	vcf_gds
	1	vcf_pca
	2

[Wed Mar  6 10:47:40 2019]
rule vcf_pca:
    input: /home/kgoldmann/NAS/GCPEAC/Kevin/PEAC-eQTL/KevinAnalysis/ApocritaHPC/PEAC/imputed_vcf//PEAC_1000G_Phase3_Oct14_chr22.vcf.gz
    output: /home/kgoldmann/Documents/PEAC_eqtl/Outputs/DNA/PEAC_chr22_4PCA.vcf.gz, /home/kgoldmann/Documents/PEAC_eqtl/Outputs/DNA/PEAC_chr22_4PCA.vcf.gz.tbi
    jobid: 1

[Wed Mar  6 10:47:51 2019]
Finished job 1.
1 of 2 steps (50%) done

[Wed Mar  6 10:47:51 2019]
rule vcf_gds:
    input: /home/kgoldmann/Documents/PEAC_eqtl/Outputs/DNA/PEAC_chr22_4PCA.vcf.gz, /home/kgoldmann/Documents/PEAC_eqtl/Data/RP/ALL.chr22.integrated_phase1_v3.20101123.snps_indels_svs.genotypes.vcf.gz
    output: /home/kgoldmann/Documents/PEAC_eqtl/Outputs/DNA/PEAC_PCA.gds, /home/kgoldmann/Documents/PEAC_eqtl/Outputs/DNA/RP_PCA.gds
    jobid: 0

[Wed Mar  6 10:50:49 2019]
Finished job 0.
2 of 2 steps (100%) done
Complete log: /home/kgoldmann/Documents/Git/peac/.snakemake/log/2019-03-06T104740.483722.snakemake.log
