Building DAG of jobs...
Deleting the following files:
/home/kgoldmann/Documents/PEAC_eqtl/Outputs/DNA/PEAC_chr1_4PCA_all.vcf.gz
/home/kgoldmann/Documents/PEAC_eqtl/Outputs/DNA/PEAC_chr1_4PCA_all.vcf.gz.tbi
/home/kgoldmann/Documents/PEAC_eqtl/Outputs/DNA/PEAC_chr10_4PCA_all.vcf.gz
/home/kgoldmann/Documents/PEAC_eqtl/Outputs/DNA/PEAC_chr10_4PCA_all.vcf.gz.tbi
/home/kgoldmann/Documents/PEAC_eqtl/Outputs/DNA/PEAC_chr11_4PCA_all.vcf.gz
/home/kgoldmann/Documents/PEAC_eqtl/Outputs/DNA/PEAC_chr11_4PCA_all.vcf.gz.tbi
/home/kgoldmann/Documents/PEAC_eqtl/Outputs/DNA/PEAC_chr12_4PCA_all.vcf.gz
/home/kgoldmann/Documents/PEAC_eqtl/Outputs/DNA/PEAC_chr12_4PCA_all.vcf.gz.tbi
/home/kgoldmann/Documents/PEAC_eqtl/Outputs/DNA/PEAC_chr13_4PCA_all.vcf.gz
/home/kgoldmann/Documents/PEAC_eqtl/Outputs/DNA/PEAC_chr13_4PCA_all.vcf.gz.tbi
/home/kgoldmann/Documents/PEAC_eqtl/Outputs/DNA/PEAC_chr14_4PCA_all.vcf.gz
/home/kgoldmann/Documents/PEAC_eqtl/Outputs/DNA/PEAC_chr14_4PCA_all.vcf.gz.tbi
/home/kgoldmann/Documents/PEAC_eqtl/Outputs/DNA/PEAC_chr15_4PCA_all.vcf.gz
/home/kgoldmann/Documents/PEAC_eqtl/Outputs/DNA/PEAC_chr15_4PCA_all.vcf.gz.tbi
/home/kgoldmann/Documents/PEAC_eqtl/Outputs/DNA/PEAC_chr16_4PCA_all.vcf.gz
/home/kgoldmann/Documents/PEAC_eqtl/Outputs/DNA/PEAC_chr16_4PCA_all.vcf.gz.tbi
/home/kgoldmann/Documents/PEAC_eqtl/Outputs/DNA/PEAC_chr17_4PCA_all.vcf.gz
/home/kgoldmann/Documents/PEAC_eqtl/Outputs/DNA/PEAC_chr17_4PCA_all.vcf.gz.tbi
/home/kgoldmann/Documents/PEAC_eqtl/Outputs/DNA/PEAC_chr18_4PCA_all.vcf.gz
/home/kgoldmann/Documents/PEAC_eqtl/Outputs/DNA/PEAC_chr18_4PCA_all.vcf.gz.tbi
/home/kgoldmann/Documents/PEAC_eqtl/Outputs/DNA/PEAC_chr19_4PCA_all.vcf.gz
/home/kgoldmann/Documents/PEAC_eqtl/Outputs/DNA/PEAC_chr19_4PCA_all.vcf.gz.tbi
/home/kgoldmann/Documents/PEAC_eqtl/Outputs/DNA/PEAC_chr2_4PCA_all.vcf.gz
/home/kgoldmann/Documents/PEAC_eqtl/Outputs/DNA/PEAC_chr2_4PCA_all.vcf.gz.tbi
/home/kgoldmann/Documents/PEAC_eqtl/Outputs/DNA/PEAC_chr20_4PCA_all.vcf.gz
/home/kgoldmann/Documents/PEAC_eqtl/Outputs/DNA/PEAC_chr20_4PCA_all.vcf.gz.tbi
/home/kgoldmann/Documents/PEAC_eqtl/Outputs/DNA/PEAC_chr21_4PCA_all.vcf.gz
/home/kgoldmann/Documents/PEAC_eqtl/Outputs/DNA/PEAC_chr21_4PCA_all.vcf.gz.tbi
/home/kgoldmann/Documents/PEAC_eqtl/Outputs/DNA/PEAC_chr22_4PCA_all.vcf.gz
/home/kgoldmann/Documents/PEAC_eqtl/Outputs/DNA/PEAC_chr22_4PCA_all.vcf.gz.tbi
/home/kgoldmann/Documents/PEAC_eqtl/Outputs/DNA/PEAC_chr3_4PCA_all.vcf.gz
/home/kgoldmann/Documents/PEAC_eqtl/Outputs/DNA/PEAC_chr3_4PCA_all.vcf.gz.tbi
/home/kgoldmann/Documents/PEAC_eqtl/Outputs/DNA/PEAC_chr4_4PCA_all.vcf.gz
/home/kgoldmann/Documents/PEAC_eqtl/Outputs/DNA/PEAC_chr4_4PCA_all.vcf.gz.tbi
/home/kgoldmann/Documents/PEAC_eqtl/Outputs/DNA/PEAC_chr5_4PCA_all.vcf.gz
/home/kgoldmann/Documents/PEAC_eqtl/Outputs/DNA/PEAC_chr5_4PCA_all.vcf.gz.tbi
/home/kgoldmann/Documents/PEAC_eqtl/Outputs/DNA/PEAC_chr6_4PCA_all.vcf.gz
/home/kgoldmann/Documents/PEAC_eqtl/Outputs/DNA/PEAC_chr6_4PCA_all.vcf.gz.tbi
/home/kgoldmann/Documents/PEAC_eqtl/Outputs/DNA/PEAC_chr7_4PCA_all.vcf.gz
/home/kgoldmann/Documents/PEAC_eqtl/Outputs/DNA/PEAC_chr7_4PCA_all.vcf.gz.tbi
/home/kgoldmann/Documents/PEAC_eqtl/Outputs/DNA/PEAC_chr8_4PCA_all.vcf.gz
/home/kgoldmann/Documents/PEAC_eqtl/Outputs/DNA/PEAC_chr8_4PCA_all.vcf.gz.tbi
/home/kgoldmann/Documents/PEAC_eqtl/Outputs/DNA/PEAC_chr9_4PCA_all.vcf.gz
/home/kgoldmann/Documents/PEAC_eqtl/Outputs/DNA/PEAC_chr9_4PCA_all.vcf.gz.tbi
/home/kgoldmann/Documents/PEAC_eqtl/Outputs/DNA/PEAC_chr1_4PCA.vcf.gz
/home/kgoldmann/Documents/PEAC_eqtl/Outputs/DNA/PEAC_chr1_4PCA.vcf.gz.tbi
/home/kgoldmann/Documents/PEAC_eqtl/Outputs/DNA/PEAC_chr10_4PCA.vcf.gz
/home/kgoldmann/Documents/PEAC_eqtl/Outputs/DNA/PEAC_chr10_4PCA.vcf.gz.tbi
/home/kgoldmann/Documents/PEAC_eqtl/Outputs/DNA/PEAC_chr11_4PCA.vcf.gz
/home/kgoldmann/Documents/PEAC_eqtl/Outputs/DNA/PEAC_chr11_4PCA.vcf.gz.tbi
/home/kgoldmann/Documents/PEAC_eqtl/Outputs/DNA/PEAC_chr12_4PCA.vcf.gz
/home/kgoldmann/Documents/PEAC_eqtl/Outputs/DNA/PEAC_chr12_4PCA.vcf.gz.tbi
/home/kgoldmann/Documents/PEAC_eqtl/Outputs/DNA/PEAC_chr13_4PCA.vcf.gz
/home/kgoldmann/Documents/PEAC_eqtl/Outputs/DNA/PEAC_chr13_4PCA.vcf.gz.tbi
/home/kgoldmann/Documents/PEAC_eqtl/Outputs/DNA/PEAC_chr14_4PCA.vcf.gz
/home/kgoldmann/Documents/PEAC_eqtl/Outputs/DNA/PEAC_chr14_4PCA.vcf.gz.tbi
/home/kgoldmann/Documents/PEAC_eqtl/Outputs/DNA/PEAC_chr15_4PCA.vcf.gz
/home/kgoldmann/Documents/PEAC_eqtl/Outputs/DNA/PEAC_chr15_4PCA.vcf.gz.tbi
/home/kgoldmann/Documents/PEAC_eqtl/Outputs/DNA/PEAC_chr16_4PCA.vcf.gz
/home/kgoldmann/Documents/PEAC_eqtl/Outputs/DNA/PEAC_chr16_4PCA.vcf.gz.tbi
/home/kgoldmann/Documents/PEAC_eqtl/Outputs/DNA/PEAC_chr17_4PCA.vcf.gz
/home/kgoldmann/Documents/PEAC_eqtl/Outputs/DNA/PEAC_chr17_4PCA.vcf.gz.tbi
/home/kgoldmann/Documents/PEAC_eqtl/Outputs/DNA/PEAC_chr18_4PCA.vcf.gz
/home/kgoldmann/Documents/PEAC_eqtl/Outputs/DNA/PEAC_chr18_4PCA.vcf.gz.tbi
/home/kgoldmann/Documents/PEAC_eqtl/Outputs/DNA/PEAC_chr19_4PCA.vcf.gz
/home/kgoldmann/Documents/PEAC_eqtl/Outputs/DNA/PEAC_chr19_4PCA.vcf.gz.tbi
/home/kgoldmann/Documents/PEAC_eqtl/Outputs/DNA/PEAC_chr2_4PCA.vcf.gz
/home/kgoldmann/Documents/PEAC_eqtl/Outputs/DNA/PEAC_chr2_4PCA.vcf.gz.tbi
/home/kgoldmann/Documents/PEAC_eqtl/Outputs/DNA/PEAC_chr20_4PCA.vcf.gz
/home/kgoldmann/Documents/PEAC_eqtl/Outputs/DNA/PEAC_chr20_4PCA.vcf.gz.tbi
/home/kgoldmann/Documents/PEAC_eqtl/Outputs/DNA/PEAC_chr21_4PCA.vcf.gz
/home/kgoldmann/Documents/PEAC_eqtl/Outputs/DNA/PEAC_chr21_4PCA.vcf.gz.tbi
/home/kgoldmann/Documents/PEAC_eqtl/Outputs/DNA/PEAC_chr22_4PCA.vcf.gz
/home/kgoldmann/Documents/PEAC_eqtl/Outputs/DNA/PEAC_chr22_4PCA.vcf.gz.tbi
/home/kgoldmann/Documents/PEAC_eqtl/Outputs/DNA/PEAC_chr3_4PCA.vcf.gz
/home/kgoldmann/Documents/PEAC_eqtl/Outputs/DNA/PEAC_chr3_4PCA.vcf.gz.tbi
/home/kgoldmann/Documents/PEAC_eqtl/Outputs/DNA/PEAC_chr4_4PCA.vcf.gz
/home/kgoldmann/Documents/PEAC_eqtl/Outputs/DNA/PEAC_chr4_4PCA.vcf.gz.tbi
/home/kgoldmann/Documents/PEAC_eqtl/Outputs/DNA/PEAC_chr5_4PCA.vcf.gz
/home/kgoldmann/Documents/PEAC_eqtl/Outputs/DNA/PEAC_chr5_4PCA.vcf.gz.tbi
/home/kgoldmann/Documents/PEAC_eqtl/Outputs/DNA/PEAC_chr6_4PCA.vcf.gz
/home/kgoldmann/Documents/PEAC_eqtl/Outputs/DNA/PEAC_chr6_4PCA.vcf.gz.tbi
/home/kgoldmann/Documents/PEAC_eqtl/Outputs/DNA/PEAC_chr7_4PCA.vcf.gz
/home/kgoldmann/Documents/PEAC_eqtl/Outputs/DNA/PEAC_chr7_4PCA.vcf.gz.tbi
/home/kgoldmann/Documents/PEAC_eqtl/Outputs/DNA/PEAC_chr8_4PCA.vcf.gz
/home/kgoldmann/Documents/PEAC_eqtl/Outputs/DNA/PEAC_chr8_4PCA.vcf.gz.tbi
/home/kgoldmann/Documents/PEAC_eqtl/Outputs/DNA/PEAC_chr9_4PCA.vcf.gz
/home/kgoldmann/Documents/PEAC_eqtl/Outputs/DNA/PEAC_chr9_4PCA.vcf.gz.tbi
/home/kgoldmann/Documents/PEAC_eqtl/Outputs/DNA/RP_chr1_alt_added.bcf
/home/kgoldmann/Documents/PEAC_eqtl/Outputs/DNA/RP_chr1_alt_added.bcf.csi
/home/kgoldmann/Documents/PEAC_eqtl/Outputs/DNA/RP_chr10_alt_added.bcf
/home/kgoldmann/Documents/PEAC_eqtl/Outputs/DNA/RP_chr10_alt_added.bcf.csi
/home/kgoldmann/Documents/PEAC_eqtl/Outputs/DNA/RP_chr11_alt_added.bcf
/home/kgoldmann/Documents/PEAC_eqtl/Outputs/DNA/RP_chr11_alt_added.bcf.csi
/home/kgoldmann/Documents/PEAC_eqtl/Outputs/DNA/RP_chr12_alt_added.bcf
/home/kgoldmann/Documents/PEAC_eqtl/Outputs/DNA/RP_chr12_alt_added.bcf.csi
/home/kgoldmann/Documents/PEAC_eqtl/Outputs/DNA/RP_chr13_alt_added.bcf
/home/kgoldmann/Documents/PEAC_eqtl/Outputs/DNA/RP_chr13_alt_added.bcf.csi
/home/kgoldmann/Documents/PEAC_eqtl/Outputs/DNA/RP_chr14_alt_added.bcf
/home/kgoldmann/Documents/PEAC_eqtl/Outputs/DNA/RP_chr14_alt_added.bcf.csi
/home/kgoldmann/Documents/PEAC_eqtl/Outputs/DNA/RP_chr15_alt_added.bcf
/home/kgoldmann/Documents/PEAC_eqtl/Outputs/DNA/RP_chr15_alt_added.bcf.csi
/home/kgoldmann/Documents/PEAC_eqtl/Outputs/DNA/RP_chr16_alt_added.bcf
/home/kgoldmann/Documents/PEAC_eqtl/Outputs/DNA/RP_chr16_alt_added.bcf.csi
/home/kgoldmann/Documents/PEAC_eqtl/Outputs/DNA/RP_chr17_alt_added.bcf
/home/kgoldmann/Documents/PEAC_eqtl/Outputs/DNA/RP_chr17_alt_added.bcf.csi
/home/kgoldmann/Documents/PEAC_eqtl/Outputs/DNA/RP_chr18_alt_added.bcf
/home/kgoldmann/Documents/PEAC_eqtl/Outputs/DNA/RP_chr18_alt_added.bcf.csi
/home/kgoldmann/Documents/PEAC_eqtl/Outputs/DNA/RP_chr19_alt_added.bcf
/home/kgoldmann/Documents/PEAC_eqtl/Outputs/DNA/RP_chr19_alt_added.bcf.csi
/home/kgoldmann/Documents/PEAC_eqtl/Outputs/DNA/RP_chr2_alt_added.bcf
/home/kgoldmann/Documents/PEAC_eqtl/Outputs/DNA/RP_chr2_alt_added.bcf.csi
/home/kgoldmann/Documents/PEAC_eqtl/Outputs/DNA/RP_chr20_alt_added.bcf
/home/kgoldmann/Documents/PEAC_eqtl/Outputs/DNA/RP_chr20_alt_added.bcf.csi
/home/kgoldmann/Documents/PEAC_eqtl/Outputs/DNA/RP_chr21_alt_added.bcf
/home/kgoldmann/Documents/PEAC_eqtl/Outputs/DNA/RP_chr21_alt_added.bcf.csi
/home/kgoldmann/Documents/PEAC_eqtl/Outputs/DNA/RP_chr22_alt_added.bcf
/home/kgoldmann/Documents/PEAC_eqtl/Outputs/DNA/RP_chr22_alt_added.bcf.csi
/home/kgoldmann/Documents/PEAC_eqtl/Outputs/DNA/RP_chr3_alt_added.bcf
/home/kgoldmann/Documents/PEAC_eqtl/Outputs/DNA/RP_chr3_alt_added.bcf.csi
/home/kgoldmann/Documents/PEAC_eqtl/Outputs/DNA/RP_chr4_alt_added.bcf
/home/kgoldmann/Documents/PEAC_eqtl/Outputs/DNA/RP_chr4_alt_added.bcf.csi
/home/kgoldmann/Documents/PEAC_eqtl/Outputs/DNA/RP_chr5_alt_added.bcf
/home/kgoldmann/Documents/PEAC_eqtl/Outputs/DNA/RP_chr5_alt_added.bcf.csi
/home/kgoldmann/Documents/PEAC_eqtl/Outputs/DNA/RP_chr6_alt_added.bcf
/home/kgoldmann/Documents/PEAC_eqtl/Outputs/DNA/RP_chr6_alt_added.bcf.csi
/home/kgoldmann/Documents/PEAC_eqtl/Outputs/DNA/RP_chr7_alt_added.bcf
/home/kgoldmann/Documents/PEAC_eqtl/Outputs/DNA/RP_chr7_alt_added.bcf.csi
/home/kgoldmann/Documents/PEAC_eqtl/Outputs/DNA/RP_chr8_alt_added.bcf
/home/kgoldmann/Documents/PEAC_eqtl/Outputs/DNA/RP_chr8_alt_added.bcf.csi
/home/kgoldmann/Documents/PEAC_eqtl/Outputs/DNA/RP_chr9_alt_added.bcf
/home/kgoldmann/Documents/PEAC_eqtl/Outputs/DNA/RP_chr9_alt_added.bcf.csi
/home/kgoldmann/Documents/PEAC_eqtl/Outputs/DNA/RP_chr1_sub.vcf.gz
/home/kgoldmann/Documents/PEAC_eqtl/Outputs/DNA/RP_chr1_sub.vcf.gz.tbi
/home/kgoldmann/Documents/PEAC_eqtl/Outputs/DNA/RP_chr10_sub.vcf.gz
/home/kgoldmann/Documents/PEAC_eqtl/Outputs/DNA/RP_chr10_sub.vcf.gz.tbi
/home/kgoldmann/Documents/PEAC_eqtl/Outputs/DNA/RP_chr11_sub.vcf.gz
/home/kgoldmann/Documents/PEAC_eqtl/Outputs/DNA/RP_chr11_sub.vcf.gz.tbi
/home/kgoldmann/Documents/PEAC_eqtl/Outputs/DNA/RP_chr12_sub.vcf.gz
/home/kgoldmann/Documents/PEAC_eqtl/Outputs/DNA/RP_chr12_sub.vcf.gz.tbi
/home/kgoldmann/Documents/PEAC_eqtl/Outputs/DNA/RP_chr13_sub.vcf.gz
/home/kgoldmann/Documents/PEAC_eqtl/Outputs/DNA/RP_chr13_sub.vcf.gz.tbi
/home/kgoldmann/Documents/PEAC_eqtl/Outputs/DNA/RP_chr14_sub.vcf.gz
/home/kgoldmann/Documents/PEAC_eqtl/Outputs/DNA/RP_chr14_sub.vcf.gz.tbi
/home/kgoldmann/Documents/PEAC_eqtl/Outputs/DNA/RP_chr15_sub.vcf.gz
/home/kgoldmann/Documents/PEAC_eqtl/Outputs/DNA/RP_chr15_sub.vcf.gz.tbi
/home/kgoldmann/Documents/PEAC_eqtl/Outputs/DNA/RP_chr16_sub.vcf.gz
/home/kgoldmann/Documents/PEAC_eqtl/Outputs/DNA/RP_chr16_sub.vcf.gz.tbi
/home/kgoldmann/Documents/PEAC_eqtl/Outputs/DNA/RP_chr17_sub.vcf.gz
/home/kgoldmann/Documents/PEAC_eqtl/Outputs/DNA/RP_chr17_sub.vcf.gz.tbi
/home/kgoldmann/Documents/PEAC_eqtl/Outputs/DNA/RP_chr18_sub.vcf.gz
/home/kgoldmann/Documents/PEAC_eqtl/Outputs/DNA/RP_chr18_sub.vcf.gz.tbi
/home/kgoldmann/Documents/PEAC_eqtl/Outputs/DNA/RP_chr19_sub.vcf.gz
/home/kgoldmann/Documents/PEAC_eqtl/Outputs/DNA/RP_chr19_sub.vcf.gz.tbi
/home/kgoldmann/Documents/PEAC_eqtl/Outputs/DNA/RP_chr2_sub.vcf.gz
/home/kgoldmann/Documents/PEAC_eqtl/Outputs/DNA/RP_chr2_sub.vcf.gz.tbi
/home/kgoldmann/Documents/PEAC_eqtl/Outputs/DNA/RP_chr20_sub.vcf.gz
/home/kgoldmann/Documents/PEAC_eqtl/Outputs/DNA/RP_chr20_sub.vcf.gz.tbi
/home/kgoldmann/Documents/PEAC_eqtl/Outputs/DNA/RP_chr21_sub.vcf.gz
/home/kgoldmann/Documents/PEAC_eqtl/Outputs/DNA/RP_chr21_sub.vcf.gz.tbi
/home/kgoldmann/Documents/PEAC_eqtl/Outputs/DNA/RP_chr22_sub.vcf.gz
/home/kgoldmann/Documents/PEAC_eqtl/Outputs/DNA/RP_chr22_sub.vcf.gz.tbi
/home/kgoldmann/Documents/PEAC_eqtl/Outputs/DNA/RP_chr3_sub.vcf.gz
/home/kgoldmann/Documents/PEAC_eqtl/Outputs/DNA/RP_chr3_sub.vcf.gz.tbi
/home/kgoldmann/Documents/PEAC_eqtl/Outputs/DNA/RP_chr4_sub.vcf.gz
/home/kgoldmann/Documents/PEAC_eqtl/Outputs/DNA/RP_chr4_sub.vcf.gz.tbi
/home/kgoldmann/Documents/PEAC_eqtl/Outputs/DNA/RP_chr5_sub.vcf.gz
/home/kgoldmann/Documents/PEAC_eqtl/Outputs/DNA/RP_chr5_sub.vcf.gz.tbi
/home/kgoldmann/Documents/PEAC_eqtl/Outputs/DNA/RP_chr6_sub.vcf.gz
/home/kgoldmann/Documents/PEAC_eqtl/Outputs/DNA/RP_chr6_sub.vcf.gz.tbi
/home/kgoldmann/Documents/PEAC_eqtl/Outputs/DNA/RP_chr7_sub.vcf.gz
/home/kgoldmann/Documents/PEAC_eqtl/Outputs/DNA/RP_chr7_sub.vcf.gz.tbi
/home/kgoldmann/Documents/PEAC_eqtl/Outputs/DNA/RP_chr8_sub.vcf.gz
/home/kgoldmann/Documents/PEAC_eqtl/Outputs/DNA/RP_chr8_sub.vcf.gz.tbi
/home/kgoldmann/Documents/PEAC_eqtl/Outputs/DNA/RP_chr9_sub.vcf.gz
/home/kgoldmann/Documents/PEAC_eqtl/Outputs/DNA/RP_chr9_sub.vcf.gz.tbi
/home/kgoldmann/Documents/PEAC_eqtl/Outputs/DNA/PEAC_chr1_sub.vcf.gz
/home/kgoldmann/Documents/PEAC_eqtl/Outputs/DNA/PEAC_chr10_sub.vcf.gz
/home/kgoldmann/Documents/PEAC_eqtl/Outputs/DNA/PEAC_chr11_sub.vcf.gz
/home/kgoldmann/Documents/PEAC_eqtl/Outputs/DNA/PEAC_chr12_sub.vcf.gz
/home/kgoldmann/Documents/PEAC_eqtl/Outputs/DNA/PEAC_chr13_sub.vcf.gz
/home/kgoldmann/Documents/PEAC_eqtl/Outputs/DNA/PEAC_chr14_sub.vcf.gz
/home/kgoldmann/Documents/PEAC_eqtl/Outputs/DNA/PEAC_chr15_sub.vcf.gz
/home/kgoldmann/Documents/PEAC_eqtl/Outputs/DNA/PEAC_chr16_sub.vcf.gz
/home/kgoldmann/Documents/PEAC_eqtl/Outputs/DNA/PEAC_chr17_sub.vcf.gz
/home/kgoldmann/Documents/PEAC_eqtl/Outputs/DNA/PEAC_chr18_sub.vcf.gz
/home/kgoldmann/Documents/PEAC_eqtl/Outputs/DNA/PEAC_chr19_sub.vcf.gz
/home/kgoldmann/Documents/PEAC_eqtl/Outputs/DNA/PEAC_chr2_sub.vcf.gz
/home/kgoldmann/Documents/PEAC_eqtl/Outputs/DNA/PEAC_chr20_sub.vcf.gz
/home/kgoldmann/Documents/PEAC_eqtl/Outputs/DNA/PEAC_chr21_sub.vcf.gz
/home/kgoldmann/Documents/PEAC_eqtl/Outputs/DNA/PEAC_chr22_sub.vcf.gz
/home/kgoldmann/Documents/PEAC_eqtl/Outputs/DNA/PEAC_chr3_sub.vcf.gz
/home/kgoldmann/Documents/PEAC_eqtl/Outputs/DNA/PEAC_chr4_sub.vcf.gz
/home/kgoldmann/Documents/PEAC_eqtl/Outputs/DNA/PEAC_chr5_sub.vcf.gz
/home/kgoldmann/Documents/PEAC_eqtl/Outputs/DNA/PEAC_chr6_sub.vcf.gz
/home/kgoldmann/Documents/PEAC_eqtl/Outputs/DNA/PEAC_chr7_sub.vcf.gz
/home/kgoldmann/Documents/PEAC_eqtl/Outputs/DNA/PEAC_chr8_sub.vcf.gz
/home/kgoldmann/Documents/PEAC_eqtl/Outputs/DNA/PEAC_chr9_sub.vcf.gz
/home/kgoldmann/Documents/PEAC_eqtl/Outputs/snp_coords/chr1.txt
/home/kgoldmann/Documents/PEAC_eqtl/Outputs/snp_coords/chr10.txt
/home/kgoldmann/Documents/PEAC_eqtl/Outputs/snp_coords/chr11.txt
/home/kgoldmann/Documents/PEAC_eqtl/Outputs/snp_coords/chr12.txt
/home/kgoldmann/Documents/PEAC_eqtl/Outputs/snp_coords/chr13.txt
/home/kgoldmann/Documents/PEAC_eqtl/Outputs/snp_coords/chr14.txt
/home/kgoldmann/Documents/PEAC_eqtl/Outputs/snp_coords/chr15.txt
/home/kgoldmann/Documents/PEAC_eqtl/Outputs/snp_coords/chr16.txt
/home/kgoldmann/Documents/PEAC_eqtl/Outputs/snp_coords/chr17.txt
/home/kgoldmann/Documents/PEAC_eqtl/Outputs/snp_coords/chr18.txt
/home/kgoldmann/Documents/PEAC_eqtl/Outputs/snp_coords/chr19.txt
/home/kgoldmann/Documents/PEAC_eqtl/Outputs/snp_coords/chr2.txt
/home/kgoldmann/Documents/PEAC_eqtl/Outputs/snp_coords/chr20.txt
/home/kgoldmann/Documents/PEAC_eqtl/Outputs/snp_coords/chr21.txt
/home/kgoldmann/Documents/PEAC_eqtl/Outputs/snp_coords/chr22.txt
/home/kgoldmann/Documents/PEAC_eqtl/Outputs/snp_coords/chr3.txt
/home/kgoldmann/Documents/PEAC_eqtl/Outputs/snp_coords/chr4.txt
/home/kgoldmann/Documents/PEAC_eqtl/Outputs/snp_coords/chr5.txt
/home/kgoldmann/Documents/PEAC_eqtl/Outputs/snp_coords/chr6.txt
/home/kgoldmann/Documents/PEAC_eqtl/Outputs/snp_coords/chr7.txt
/home/kgoldmann/Documents/PEAC_eqtl/Outputs/snp_coords/chr8.txt
/home/kgoldmann/Documents/PEAC_eqtl/Outputs/snp_coords/chr9.txt
