Building DAG of jobs...
Using shell: /bin/bash
Provided cores: 1
Rules claiming more threads will be scaled down.
Job counts:
	count	jobs
	1	Deseq2_inputs
	1

[Fri Mar  8 13:48:53 2019]
rule Deseq2_inputs:
    input: /home/kgoldmann/Documents/PEAC_eqtl/Outputs/RNA_counts/groups/Genentech.txt, /home/kgoldmann/Documents/PEAC_eqtl/Outputs/gene_coord.txt, /home/kgoldmann/NAS/GCPEAC/Kevin/PEAC-eQTL/KevinAnalysis/ApocritaHPC/PEAC/imputed_vcf/PEAC_1000G_Phase3_Oct14_chr22.vcf.gz
    output: /home/kgoldmann/Documents/PEAC_eqtl/Outputs/deseq2/inputs/ENSG00000000419.rds, /home/kgoldmann/Documents/PEAC_eqtl/Outputs/deseq2/inputs/ENSG00000000457.rds, /home/kgoldmann/Documents/PEAC_eqtl/Outputs/deseq2/inputs/ENSG00000000460.rds, /home/kgoldmann/Documents/PEAC_eqtl/Outputs/deseq2/inputs/ENSG00000000938.rds, /home/kgoldmann/Documents/PEAC_eqtl/Outputs/deseq2/inputs/ENSG00000000971.rds
    jobid: 0

[Fri Mar  8 13:48:55 2019]
Error in rule Deseq2_inputs:
    jobid: 0
    output: /home/kgoldmann/Documents/PEAC_eqtl/Outputs/deseq2/inputs/ENSG00000000419.rds, /home/kgoldmann/Documents/PEAC_eqtl/Outputs/deseq2/inputs/ENSG00000000457.rds, /home/kgoldmann/Documents/PEAC_eqtl/Outputs/deseq2/inputs/ENSG00000000460.rds, /home/kgoldmann/Documents/PEAC_eqtl/Outputs/deseq2/inputs/ENSG00000000938.rds, /home/kgoldmann/Documents/PEAC_eqtl/Outputs/deseq2/inputs/ENSG00000000971.rds

RuleException:
CalledProcessError in line 396 of /home/kgoldmann/Documents/Git/peac/Snakefile:
Command ' set -euo pipefail;  Rscript --vanilla /home/kgoldmann/Documents/Git/peac/.snakemake/scripts/tmp3vtgx2x9.deseq2.in.R ' returned non-zero exit status 1.
  File "/home/kgoldmann/Documents/Git/peac/Snakefile", line 396, in __rule_Deseq2_inputs
  File "/usr/lib/python3.6/concurrent/futures/thread.py", line 56, in run
Shutting down, this might take some time.
Exiting because a job execution failed. Look above for error message
Complete log: /home/kgoldmann/Documents/Git/peac/.snakemake/log/2019-03-08T134853.465963.snakemake.log
