Building DAG of jobs...
Using shell: /bin/bash
Provided cores: 1
Rules claiming more threads will be scaled down.
Job counts:
	count	jobs
	1	intersect_RP_PEAC
	1	ref_panel_alt
	1	vcf_pca
	3

[Thu Mar  7 12:49:27 2019]
rule ref_panel_alt:
    input: /home/kgoldmann/Documents/PEAC_eqtl/Data/RP/ALL.chr22.phase3_shapeit2_mvncall_integrated_v5a.20130502.genotypes.vcf.gz, /home/kgoldmann/Documents/PEAC_eqtl/Data/RP/1000GP_Phase3/1000GP_Phase3_chr22.legend.gz
    output: /home/kgoldmann/Documents/PEAC_eqtl/Outputs/DNA/RP_chr22_alt_added.bcf
    jobid: 1

[Thu Mar  7 12:52:03 2019]
Finished job 1.
1 of 3 steps (33%) done

[Thu Mar  7 12:52:03 2019]
rule vcf_pca:
    input: /home/kgoldmann/NAS/GCPEAC/Kevin/PEAC-eQTL/KevinAnalysis/ApocritaHPC/PEAC/imputed_vcf/PEAC_1000G_Phase3_Oct14_chr22.vcf.gz
    output: /home/kgoldmann/Documents/PEAC_eqtl/Outputs/DNA/PEAC_chr22_4PCA.vcf.gz, /home/kgoldmann/Documents/PEAC_eqtl/Outputs/DNA/PEAC_chr22_4PCA.vcf.gz.tbi
    jobid: 2

[Thu Mar  7 12:52:17 2019]
Finished job 2.
2 of 3 steps (67%) done

[Thu Mar  7 12:52:17 2019]
rule intersect_RP_PEAC:
    input: /home/kgoldmann/Documents/PEAC_eqtl/Outputs/DNA/RP_chr22_alt_added.bcf, /home/kgoldmann/Documents/PEAC_eqtl/Outputs/DNA/PEAC_chr22_4PCA.vcf.gz, /home/kgoldmann/Documents/PEAC_eqtl/Outputs/DNA/PEAC_chr22_4PCA.vcf.gz.tbi
    output: /home/kgoldmann/Documents/PEAC_eqtl/Outputs/DNA/RP_chr22_sub.vcf.gz, /home/kgoldmann/Documents/PEAC_eqtl/Outputs/DNA/RP_chr22_sub.vcf.gz.tbi
    jobid: 0

[Thu Mar  7 12:52:17 2019]
Error in rule intersect_RP_PEAC:
    jobid: 0
    output: /home/kgoldmann/Documents/PEAC_eqtl/Outputs/DNA/RP_chr22_sub.vcf.gz, /home/kgoldmann/Documents/PEAC_eqtl/Outputs/DNA/RP_chr22_sub.vcf.gz.tbi

RuleException:
CalledProcessError in line 273 of /home/kgoldmann/Documents/Git/peac/Snakefile:
Command ' set -euo pipefail;  bcftools isec -n=2 -w1 /home/kgoldmann/Documents/PEAC_eqtl/Outputs/DNA/RP_chr22_alt_added.bcf /home/kgoldmann/Documents/PEAC_eqtl/Outputs/DNA/PEAC_chr22_4PCA.vcf.gz -Oz -o /home/kgoldmann/Documents/PEAC_eqtl/Outputs/DNA/RP_chr22_sub.vcf.gz ; tabix /home/kgoldmann/Documents/PEAC_eqtl/Outputs/DNA/RP_chr22_sub.vcf.gz ' returned non-zero exit status 255.
  File "/home/kgoldmann/Documents/Git/peac/Snakefile", line 273, in __rule_intersect_RP_PEAC
  File "/usr/lib/python3.6/concurrent/futures/thread.py", line 56, in run
Shutting down, this might take some time.
Exiting because a job execution failed. Look above for error message
Complete log: /home/kgoldmann/Documents/Git/peac/.snakemake/log/2019-03-07T124927.603420.snakemake.log
