Building DAG of jobs...
Using shell: /bin/bash
Provided cores: 1
Rules claiming more threads will be scaled down.
Job counts:
	count	jobs
	1	Deseq2_inputs
	21	HW_filter
	1	all_genotype
	22	extract_snp_ids
	22	intersect_PEAC_RP
	22	intersect_RP_PEAC
	89

[Mon Mar 18 10:06:11 2019]
rule intersect_RP_PEAC:
    input: /home/kgoldmann/Documents/PEAC_eqtl/Outputs/DNA/RP_chr22_alt_added.bcf, /home/kgoldmann/Documents/PEAC_eqtl/Outputs/DNA/PEAC_chr22_4PCA.vcf.gz, /home/kgoldmann/Documents/PEAC_eqtl/Outputs/DNA/RP_chr22_alt_added.bcf.csi, /home/kgoldmann/Documents/PEAC_eqtl/Outputs/DNA/PEAC_chr22_4PCA.vcf.gz.tbi
    output: /home/kgoldmann/Documents/PEAC_eqtl/Outputs/DNA/RP_chr22_sub.vcf.gz, /home/kgoldmann/Documents/PEAC_eqtl/Outputs/DNA/RP_chr22_sub.vcf.gz.tbi
    jobid: 81
    wildcards: chrom=22

[Mon Mar 18 10:06:32 2019]
Finished job 81.
1 of 89 steps (1%) done

[Mon Mar 18 10:06:32 2019]
rule HW_filter:
    input: /home/kgoldmann/Documents/PEAC_eqtl/Outputs/DNA/HW_keep_chr2.txt, /home/kgoldmann/Documents/PEAC_eqtl/Outputs/DNA/PEAC_chr2_4PCA_all.vcf.gz, /home/kgoldmann/Documents/PEAC_eqtl/Outputs/DNA/PEAC_chr2_4PCA_all.vcf.gz.tbi
    output: /home/kgoldmann/Documents/PEAC_eqtl/Outputs/DNA/PEAC_chr2_4PCA.vcf.gz, /home/kgoldmann/Documents/PEAC_eqtl/Outputs/DNA/PEAC_chr2_4PCA.vcf.gz.tbi
    jobid: 34
    wildcards: chrom=2

Shutting down, this might take some time.
Exiting because a job execution failed. Look above for error message
Complete log: /home/kgoldmann/Documents/Git/peac/.snakemake/log/2019-03-18T100340.542679.snakemake.log
