Building DAG of jobs...
Using shell: /bin/bash
Provided cores: 1
Rules claiming more threads will be scaled down.
Job counts:
	count	jobs
	1	exon_by_gene
	1

[Fri Feb 22 07:06:32 2019]
rule exon_by_gene:
    input: /home/kgoldmann/Documents/PEAC_eqtl/Data/Homo_sapiens.GRCh37.87.gtf
    output: /home/kgoldmann/Documents/PEAC_eqtl/Outputs/b37_ebg.rds, /home/kgoldmann/Documents/PEAC_eqtl/Outputs/gene_coord.txt
    jobid: 0

[Fri Feb 22 07:06:37 2019]
Error in rule exon_by_gene:
    jobid: 0
    output: /home/kgoldmann/Documents/PEAC_eqtl/Outputs/b37_ebg.rds, /home/kgoldmann/Documents/PEAC_eqtl/Outputs/gene_coord.txt

RuleException:
CalledProcessError in line 176 of /home/kgoldmann/Documents/Git/peac/Snakefile:
Command ' set -euo pipefail;  Rscript --vanilla /home/kgoldmann/Documents/Git/peac/.snakemake/scripts/tmpjt5lfylo.exon_by_gene.R ' returned non-zero exit status 1.
  File "/home/kgoldmann/Documents/Git/peac/Snakefile", line 176, in __rule_exon_by_gene
  File "/usr/lib/python3.6/concurrent/futures/thread.py", line 56, in run
Shutting down, this might take some time.
Exiting because a job execution failed. Look above for error message
Complete log: /home/kgoldmann/Documents/Git/peac/.snakemake/log/2019-02-22T070632.172903.snakemake.log
