Building DAG of jobs...
Using shell: /bin/bash
Provided cores: 1
Rules claiming more threads will be scaled down.
Job counts:
	count	jobs
	2	HW_filter
	1	all_genotype
	2	vcf_pca
	5

[Thu Mar 14 16:42:58 2019]
rule vcf_pca:
    input: /home/kgoldmann/NAS/GCPEAC/Kevin/PEAC-eQTL/KevinAnalysis/ApocritaHPC/PEAC/imputed_vcf/PEAC_1000G_Phase3_Oct14_chr21.vcf.gz
    output: /home/kgoldmann/Documents/PEAC_eqtl/Outputs/DNA/PEAC_chr21_4PCA_all.vcf.gz, /home/kgoldmann/Documents/PEAC_eqtl/Outputs/DNA/PEAC_chr21_4PCA_all.vcf.gz.tbi
    jobid: 1
    wildcards: chrom=21

[Thu Mar 14 16:43:09 2019]
Finished job 1.
1 of 5 steps (20%) done

[Thu Mar 14 16:43:09 2019]
rule HW_filter:
    input: /home/kgoldmann/Documents/PEAC_eqtl/Outputs/DNA/HW_keep_chr21.txt, /home/kgoldmann/Documents/PEAC_eqtl/Outputs/DNA/PEAC_chr21_4PCA_all.vcf.gz, /home/kgoldmann/Documents/PEAC_eqtl/Outputs/DNA/PEAC_chr21_4PCA_all.vcf.gz.tbi
    output: /home/kgoldmann/Documents/PEAC_eqtl/Outputs/DNA/PEAC_chr21_4PCA.vcf.gz
    jobid: 3
    wildcards: chrom=21

Shutting down, this might take some time.
Exiting because a job execution failed. Look above for error message
Complete log: /home/kgoldmann/Documents/Git/peac/.snakemake/log/2019-03-14T164258.058402.snakemake.log
