Building DAG of jobs...
Using shell: /bin/bash
Provided cores: 1
Rules claiming more threads will be scaled down.
Job counts:
	count	jobs
	1	ref_panel_alt
	1

[Wed Mar  6 14:01:53 2019]
rule ref_panel_alt:
    input: /home/kgoldmann/Documents/PEAC_eqtl/Data/RP/ALL.chr22.integrated_phase1_v3.20101123.snps_indels_svs.genotypes.vcf.gz, /home/kgoldmann/Documents/PEAC_eqtl/Data/RP/ALL_1000G_phase1integrated_v3_annotated_legends/ALL_1000G_phase1integrated_v3_impute_chr22.legend.gz
    output: /home/kgoldmann/Documents/PEAC_eqtl/Outputs/DNA/RP_chr22_alt_added.bcf, /home/kgoldmann/Documents/PEAC_eqtl/Outputs/DNA/RP_chr22_alt_added.bcf.csi
    jobid: 0

[Wed Mar  6 14:01:54 2019]
Error in rule ref_panel_alt:
    jobid: 0
    output: /home/kgoldmann/Documents/PEAC_eqtl/Outputs/DNA/RP_chr22_alt_added.bcf, /home/kgoldmann/Documents/PEAC_eqtl/Outputs/DNA/RP_chr22_alt_added.bcf.csi

RuleException:
CalledProcessError in line 249 of /home/kgoldmann/Documents/Git/peac/Snakefile:
Command ' set -euo pipefail;  head=$(bcftools view -h /home/kgoldmann/Documents/PEAC_eqtl/Data/RP/ALL.chr22.integrated_phase1_v3.20101123.snps_indels_svs.genotypes.vcf.gz | wc -l) ; hm1=$(($head-1)) ; awk -v head=$head -v hm1=$hm1  'FNR==NR{ if(NR>1) a[NR]=$4;next}{if(FNR > head)  $5=a[((FNR - hm1)) ]}1'  OFS='	'  <(gzip -dc /home/kgoldmann/Documents/PEAC_eqtl/Data/RP/ALL_1000G_phase1integrated_v3_annotated_legends/ALL_1000G_phase1integrated_v3_impute_chr22.legend.gz) <(bcftools view  /home/kgoldmann/Documents/PEAC_eqtl/Data/RP/ALL.chr22.integrated_phase1_v3.20101123.snps_indels_svs.genotypes.vcf.gz)  | bcftools view -Ob -o /home/kgoldmann/Documents/PEAC_eqtl/Outputs/DNA/RP_chr22_alt_added.bcf; tabix /home/kgoldmann/Documents/PEAC_eqtl/Outputs/DNA/RP_chr22_alt_added.bcf ' returned non-zero exit status 1.
  File "/home/kgoldmann/Documents/Git/peac/Snakefile", line 249, in __rule_ref_panel_alt
  File "/usr/lib/python3.6/concurrent/futures/thread.py", line 56, in run
Removing output files of failed job ref_panel_alt since they might be corrupted:
/home/kgoldmann/Documents/PEAC_eqtl/Outputs/DNA/RP_chr22_alt_added.bcf
Shutting down, this might take some time.
Exiting because a job execution failed. Look above for error message
Complete log: /home/kgoldmann/Documents/Git/peac/.snakemake/log/2019-03-06T140153.585413.snakemake.log
